2016/01/19 01:02:09 INFO  - jmeter.util.JMeterUtils: Setting Locale to ja_JP 
2016/01/19 01:02:09 INFO  - jmeter.util.JMeterUtils: Could not find resources for 'ja_JP', using 'ja' 
2016/01/19 01:02:09 INFO  - jmeter.JMeter: Loading user properties from: /usr/local/Cellar/jmeter/2.13/libexec/bin/user.properties 
2016/01/19 01:02:09 INFO  - jmeter.JMeter: Loading system properties from: /usr/local/Cellar/jmeter/2.13/libexec/bin/system.properties 
2016/01/19 01:02:09 INFO  - jmeter.JMeter: Copyright (c) 1998-2015 The Apache Software Foundation 
2016/01/19 01:02:09 INFO  - jmeter.JMeter: Version 2.13 r1665067 
2016/01/19 01:02:09 INFO  - jmeter.JMeter: java.version=1.8.0_40 
2016/01/19 01:02:09 INFO  - jmeter.JMeter: java.vm.name=Java HotSpot(TM) 64-Bit Server VM 
2016/01/19 01:02:09 INFO  - jmeter.JMeter: os.name=Mac OS X 
2016/01/19 01:02:09 INFO  - jmeter.JMeter: os.arch=x86_64 
2016/01/19 01:02:09 INFO  - jmeter.JMeter: os.version=10.11.2 
2016/01/19 01:02:09 INFO  - jmeter.JMeter: file.encoding=UTF-8 
2016/01/19 01:02:09 INFO  - jmeter.JMeter: Default Locale=日本語 (日本) 
2016/01/19 01:02:09 INFO  - jmeter.JMeter: JMeter  Locale=日本語 (日本) 
2016/01/19 01:02:09 INFO  - jmeter.JMeter: JMeterHome=/usr/local/Cellar/jmeter/2.13/libexec 
2016/01/19 01:02:09 INFO  - jmeter.JMeter: user.dir  =/Users/yukiyamada/dev/graduationThesis 
2016/01/19 01:02:09 INFO  - jmeter.JMeter: PWD       =/Users/yukiyamada/dev/graduationThesis 
2016/01/19 01:02:09 INFO  - jmeter.JMeter: IP: 192.168.1.5 Name: Yuki-no-MacBook-Air.local FullName: 192.168.1.5 
2016/01/19 01:02:10 INFO  - jmeter.gui.action.LookAndFeelCommand: Using look and feel: com.apple.laf.AquaLookAndFeel [Mac OS X, System] 
2016/01/19 01:02:10 INFO  - jmeter.JMeter: Loaded icon properties from org/apache/jmeter/images/icon.properties 
2016/01/19 01:02:12 INFO  - jmeter.engine.util.CompoundVariable: Note: Function class names must contain the string: '.functions.' 
2016/01/19 01:02:12 INFO  - jmeter.engine.util.CompoundVariable: Note: Function class names must not contain the string: '.gui.' 
2016/01/19 01:02:13 INFO  - jmeter.util.BSFTestElement: Registering JMeter version of JavaScript engine as work-round for BSF-22 
2016/01/19 01:02:14 INFO  - jmeter.protocol.http.sampler.HTTPSamplerBase: Cannot find .className property for htmlParser, using default 
2016/01/19 01:02:14 INFO  - jmeter.protocol.http.sampler.HTTPSamplerBase: Parser for text/html is  
2016/01/19 01:02:14 INFO  - jmeter.protocol.http.sampler.HTTPSamplerBase: Parser for application/xhtml+xml is  
2016/01/19 01:02:14 INFO  - jmeter.protocol.http.sampler.HTTPSamplerBase: Parser for application/xml is  
2016/01/19 01:02:14 INFO  - jmeter.protocol.http.sampler.HTTPSamplerBase: Parser for text/xml is  
2016/01/19 01:02:14 INFO  - jmeter.protocol.http.sampler.HTTPSamplerBase: Parser for text/vnd.wap.wml is org.apache.jmeter.protocol.http.parser.RegexpHTMLParser 
2016/01/19 01:02:14 INFO  - jmeter.gui.util.MenuFactory: Skipping org.apache.jmeter.protocol.http.control.gui.WebServiceSamplerGui 
2016/01/19 01:02:14 INFO  - jmeter.gui.util.MenuFactory: Skipping org.apache.jmeter.protocol.http.modifier.gui.ParamModifierGui 
2016/01/19 01:02:14 INFO  - jorphan.exec.KeyToolUtils: keytool found at 'keytool' 
2016/01/19 01:02:14 INFO  - jmeter.protocol.http.proxy.ProxyControl: HTTP(S) Test Script Recorder SSL Proxy will use keys that support embedded 3rd party resources in file /usr/local/Cellar/jmeter/2.13/libexec/bin/proxyserver.jks 
2016/01/19 01:02:15 INFO  - jmeter.samplers.SampleResult: Note: Sample TimeStamps are START times 
2016/01/19 01:02:15 INFO  - jmeter.samplers.SampleResult: sampleresult.default.encoding is set to ISO-8859-1 
2016/01/19 01:02:15 INFO  - jmeter.samplers.SampleResult: sampleresult.useNanoTime=true 
2016/01/19 01:02:15 INFO  - jmeter.samplers.SampleResult: sampleresult.nanoThreadSleep=5000 
2016/01/19 01:02:23 INFO  - jmeter.gui.action.template.TemplateManager: Reading templates from:/usr/local/Cellar/jmeter/2.13/libexec/bin/templates/templates.xml 
2016/01/19 01:02:34 INFO  - jmeter.services.FileServer: Default base='/Users/yukiyamada/dev/graduationThesis' 
2016/01/19 01:02:34 INFO  - jmeter.gui.action.Load: Loading file: /Users/yukiyamada/dev/graduationThesis/monolithic/mr_math_test.jmx 
2016/01/19 01:02:34 INFO  - jmeter.services.FileServer: Set new base='/Users/yukiyamada/dev/graduationThesis/monolithic' 
2016/01/19 01:02:34 INFO  - jmeter.save.SaveService: Testplan (JMX) version: 2.2. Testlog (JTL) version: 2.2 
2016/01/19 01:02:34 INFO  - jmeter.save.SaveService: Using SaveService properties file encoding UTF-8 
2016/01/19 01:02:34 INFO  - jmeter.save.SaveService: Using SaveService properties file version 1656252 
2016/01/19 01:02:34 INFO  - jmeter.save.SaveService: Using SaveService properties version 2.8 
2016/01/19 01:02:34 INFO  - jmeter.save.SaveService: All converter versions present and correct 
2016/01/19 01:02:34 INFO  - jmeter.save.SaveService: Loading file: /Users/yukiyamada/dev/graduationThesis/monolithic/mr_math_test.jmx 
2016/01/19 01:02:35 INFO  - jmeter.services.FileServer: Set new base='/Users/yukiyamada/dev/graduationThesis/monolithic' 
2016/01/19 01:02:50 INFO  - jmeter.engine.StandardJMeterEngine: Listeners will be started after enabling running version 
2016/01/19 01:02:50 INFO  - jmeter.engine.StandardJMeterEngine: To revert to the earlier behaviour, define jmeterengine.startlistenerslater=false 
2016/01/19 01:02:50 INFO  - jmeter.engine.StandardJMeterEngine: Running the test! 
2016/01/19 01:02:50 INFO  - jmeter.samplers.SampleEvent: List of sample_variables: [] 
2016/01/19 01:02:50 INFO  - jmeter.samplers.SampleEvent: List of sample_variables: [] 
2016/01/19 01:02:50 INFO  - jmeter.gui.util.JMeterMenuBar: setRunning(true,*local*) 
2016/01/19 01:02:50 INFO  - jmeter.engine.StandardJMeterEngine: Starting ThreadGroup: 1 : スレッドグループ 
2016/01/19 01:02:50 INFO  - jmeter.engine.StandardJMeterEngine: Starting 100 threads for group スレッドグループ. 
2016/01/19 01:02:50 INFO  - jmeter.engine.StandardJMeterEngine: Thread will continue on error 
2016/01/19 01:02:50 INFO  - jmeter.threads.ThreadGroup: Starting thread group number 1 threads 100 ramp-up 30 perThread 300.0 delayedStart=false 
2016/01/19 01:02:50 INFO  - jmeter.threads.JMeterThread: jmeterthread.startearlier=true (see jmeter.properties) 
2016/01/19 01:02:50 INFO  - jmeter.threads.JMeterThread: Running PostProcessors in forward order 
2016/01/19 01:02:50 INFO  - jmeter.threads.JMeterThread: Thread started: スレッドグループ 1-1 
2016/01/19 01:02:50 INFO  - jmeter.threads.ThreadGroup: Started thread group number 1 
2016/01/19 01:02:50 INFO  - jmeter.engine.StandardJMeterEngine: All thread groups have been started 
2016/01/19 01:02:50 INFO  - jmeter.protocol.http.sampler.HTTPHCAbstractImpl: Local host = Yuki-no-MacBook-Air.local 
2016/01/19 01:02:50 INFO  - jmeter.protocol.http.sampler.HTTPHC4Impl: HTTP request retry count = 0 
2016/01/19 01:02:50 INFO  - jmeter.protocol.http.sampler.HTTPHC4Impl: Setting up HTTPS TrustAll scheme 
2016/01/19 01:02:50 INFO  - jmeter.util.JsseSSLManager: Using default SSL protocol: TLS 
2016/01/19 01:02:50 INFO  - jmeter.util.JsseSSLManager: SSL session context: per-thread 
2016/01/19 01:02:50 INFO  - jmeter.threads.JMeterThread: Thread started: スレッドグループ 1-2 
2016/01/19 01:02:51 INFO  - jmeter.threads.JMeterThread: Thread started: スレッドグループ 1-3 
2016/01/19 01:02:51 INFO  - jmeter.threads.JMeterThread: Thread started: スレッドグループ 1-4 
2016/01/19 01:02:51 INFO  - jmeter.threads.JMeterThread: Thread started: スレッドグループ 1-5 
2016/01/19 01:02:51 INFO  - jmeter.threads.JMeterThread: Thread started: スレッドグループ 1-6 
2016/01/19 01:02:52 INFO  - jmeter.threads.JMeterThread: Thread started: スレッドグループ 1-7 
2016/01/19 01:02:52 INFO  - jmeter.threads.JMeterThread: Thread started: スレッドグループ 1-8 
2016/01/19 01:02:52 INFO  - jmeter.threads.JMeterThread: Thread started: スレッドグループ 1-9 
2016/01/19 01:02:53 INFO  - jmeter.threads.JMeterThread: Thread started: スレッドグループ 1-10 
2016/01/19 01:02:53 INFO  - jmeter.threads.JMeterThread: Thread started: スレッドグループ 1-11 
2016/01/19 01:02:53 INFO  - jmeter.threads.JMeterThread: Thread started: スレッドグループ 1-12 
2016/01/19 01:02:54 INFO  - jmeter.threads.JMeterThread: Thread started: スレッドグループ 1-13 
2016/01/19 01:02:54 INFO  - jmeter.threads.JMeterThread: Thread started: スレッドグループ 1-14 
2016/01/19 01:02:54 INFO  - jmeter.threads.JMeterThread: Thread started: スレッドグループ 1-15 
2016/01/19 01:02:55 INFO  - jmeter.threads.JMeterThread: Thread started: スレッドグループ 1-16 
2016/01/19 01:02:55 INFO  - jmeter.threads.JMeterThread: Thread started: スレッドグループ 1-17 
2016/01/19 01:02:55 INFO  - jmeter.threads.JMeterThread: Thread started: スレッドグループ 1-18 
2016/01/19 01:02:55 INFO  - jmeter.threads.JMeterThread: Thread started: スレッドグループ 1-19 
2016/01/19 01:02:56 INFO  - jmeter.threads.JMeterThread: Thread started: スレッドグループ 1-20 
2016/01/19 01:02:56 INFO  - jmeter.threads.JMeterThread: Thread started: スレッドグループ 1-21 
2016/01/19 01:02:56 INFO  - jmeter.threads.JMeterThread: Thread started: スレッドグループ 1-22 
2016/01/19 01:02:57 INFO  - jmeter.threads.JMeterThread: Thread started: スレッドグループ 1-23 
2016/01/19 01:02:57 INFO  - jmeter.threads.JMeterThread: Thread started: スレッドグループ 1-24 
2016/01/19 01:02:57 INFO  - jmeter.threads.JMeterThread: Thread started: スレッドグループ 1-25 
2016/01/19 01:02:58 INFO  - jmeter.threads.JMeterThread: Thread started: スレッドグループ 1-26 
2016/01/19 01:02:58 INFO  - jmeter.threads.JMeterThread: Thread started: スレッドグループ 1-27 
2016/01/19 01:02:58 INFO  - jmeter.threads.JMeterThread: Thread started: スレッドグループ 1-28 
2016/01/19 01:02:58 INFO  - jmeter.threads.JMeterThread: Thread started: スレッドグループ 1-29 
2016/01/19 01:02:59 INFO  - jmeter.threads.JMeterThread: Thread started: スレッドグループ 1-30 
2016/01/19 01:02:59 INFO  - jmeter.threads.JMeterThread: Thread started: スレッドグループ 1-31 
2016/01/19 01:02:59 INFO  - jmeter.threads.JMeterThread: Thread started: スレッドグループ 1-32 
2016/01/19 01:03:00 INFO  - jmeter.threads.JMeterThread: Thread started: スレッドグループ 1-33 
2016/01/19 01:03:00 INFO  - jmeter.threads.JMeterThread: Thread started: スレッドグループ 1-34 
2016/01/19 01:03:00 INFO  - jmeter.threads.JMeterThread: Thread started: スレッドグループ 1-35 
2016/01/19 01:03:01 INFO  - jmeter.threads.JMeterThread: Thread started: スレッドグループ 1-36 
2016/01/19 01:03:01 INFO  - jmeter.threads.JMeterThread: Thread started: スレッドグループ 1-37 
2016/01/19 01:03:01 INFO  - jmeter.threads.JMeterThread: Thread started: スレッドグループ 1-38 
2016/01/19 01:03:01 INFO  - jmeter.threads.JMeterThread: Thread started: スレッドグループ 1-39 
2016/01/19 01:03:02 INFO  - jmeter.threads.JMeterThread: Thread started: スレッドグループ 1-40 
2016/01/19 01:03:02 INFO  - jmeter.threads.JMeterThread: Thread started: スレッドグループ 1-41 
2016/01/19 01:03:02 INFO  - jmeter.threads.JMeterThread: Thread started: スレッドグループ 1-42 
2016/01/19 01:03:03 INFO  - jmeter.threads.JMeterThread: Thread started: スレッドグループ 1-43 
2016/01/19 01:03:03 INFO  - jmeter.threads.JMeterThread: Thread started: スレッドグループ 1-44 
2016/01/19 01:03:03 INFO  - jmeter.threads.JMeterThread: Thread started: スレッドグループ 1-45 
2016/01/19 01:03:04 INFO  - jmeter.threads.JMeterThread: Thread started: スレッドグループ 1-46 
2016/01/19 01:03:04 INFO  - jmeter.threads.JMeterThread: Thread started: スレッドグループ 1-47 
2016/01/19 01:03:04 INFO  - jmeter.threads.JMeterThread: Thread started: スレッドグループ 1-48 
2016/01/19 01:03:04 INFO  - jmeter.threads.JMeterThread: Thread started: スレッドグループ 1-49 
2016/01/19 01:03:05 INFO  - jmeter.threads.JMeterThread: Thread started: スレッドグループ 1-50 
2016/01/19 01:03:05 INFO  - jmeter.threads.JMeterThread: Thread started: スレッドグループ 1-51 
2016/01/19 01:03:05 INFO  - jmeter.threads.JMeterThread: Thread started: スレッドグループ 1-52 
2016/01/19 01:03:06 INFO  - jmeter.threads.JMeterThread: Thread started: スレッドグループ 1-53 
2016/01/19 01:03:06 INFO  - jmeter.threads.JMeterThread: Thread started: スレッドグループ 1-54 
2016/01/19 01:03:06 INFO  - jmeter.threads.JMeterThread: Thread started: スレッドグループ 1-55 
2016/01/19 01:03:07 INFO  - jmeter.threads.JMeterThread: Thread started: スレッドグループ 1-56 
2016/01/19 01:03:07 INFO  - jmeter.threads.JMeterThread: Thread started: スレッドグループ 1-57 
2016/01/19 01:03:07 INFO  - jmeter.threads.JMeterThread: Thread started: スレッドグループ 1-58 
2016/01/19 01:03:07 INFO  - jmeter.threads.JMeterThread: Thread started: スレッドグループ 1-59 
2016/01/19 01:03:08 INFO  - jmeter.threads.JMeterThread: Thread started: スレッドグループ 1-60 
2016/01/19 01:03:08 INFO  - jmeter.threads.JMeterThread: Thread started: スレッドグループ 1-61 
2016/01/19 01:03:08 INFO  - jmeter.threads.JMeterThread: Thread started: スレッドグループ 1-62 
2016/01/19 01:03:09 INFO  - jmeter.threads.JMeterThread: Thread started: スレッドグループ 1-63 
2016/01/19 01:03:09 INFO  - jmeter.threads.JMeterThread: Thread started: スレッドグループ 1-64 
2016/01/19 01:03:09 INFO  - jmeter.threads.JMeterThread: Thread started: スレッドグループ 1-65 
2016/01/19 01:03:10 INFO  - jmeter.threads.JMeterThread: Thread started: スレッドグループ 1-66 
2016/01/19 01:03:10 INFO  - jmeter.threads.JMeterThread: Thread started: スレッドグループ 1-67 
2016/01/19 01:03:10 INFO  - jmeter.threads.JMeterThread: Thread started: スレッドグループ 1-68 
2016/01/19 01:03:10 INFO  - jmeter.threads.JMeterThread: Thread started: スレッドグループ 1-69 
2016/01/19 01:03:11 INFO  - jmeter.threads.JMeterThread: Thread started: スレッドグループ 1-70 
2016/01/19 01:03:11 INFO  - jmeter.threads.JMeterThread: Thread started: スレッドグループ 1-71 
2016/01/19 01:03:11 INFO  - jmeter.threads.JMeterThread: Thread started: スレッドグループ 1-72 
2016/01/19 01:03:12 INFO  - jmeter.threads.JMeterThread: Thread started: スレッドグループ 1-73 
2016/01/19 01:03:12 INFO  - jmeter.threads.JMeterThread: Thread started: スレッドグループ 1-74 
2016/01/19 01:03:12 INFO  - jmeter.threads.JMeterThread: Thread started: スレッドグループ 1-75 
2016/01/19 01:03:13 INFO  - jmeter.threads.JMeterThread: Thread started: スレッドグループ 1-76 
2016/01/19 01:03:13 INFO  - jmeter.threads.JMeterThread: Thread started: スレッドグループ 1-77 
2016/01/19 01:03:13 INFO  - jmeter.threads.JMeterThread: Thread started: スレッドグループ 1-78 
2016/01/19 01:03:13 INFO  - jmeter.threads.JMeterThread: Thread started: スレッドグループ 1-79 
2016/01/19 01:03:14 INFO  - jmeter.threads.JMeterThread: Thread started: スレッドグループ 1-80 
2016/01/19 01:03:14 INFO  - jmeter.threads.JMeterThread: Thread started: スレッドグループ 1-81 
2016/01/19 01:03:14 INFO  - jmeter.threads.JMeterThread: Thread started: スレッドグループ 1-82 
2016/01/19 01:03:15 INFO  - jmeter.threads.JMeterThread: Thread started: スレッドグループ 1-83 
2016/01/19 01:03:15 INFO  - jmeter.threads.JMeterThread: Thread started: スレッドグループ 1-84 
2016/01/19 01:03:15 INFO  - jmeter.threads.JMeterThread: Thread started: スレッドグループ 1-85 
2016/01/19 01:03:16 INFO  - jmeter.threads.JMeterThread: Thread started: スレッドグループ 1-86 
2016/01/19 01:03:16 INFO  - jmeter.threads.JMeterThread: Thread started: スレッドグループ 1-87 
2016/01/19 01:03:16 INFO  - jmeter.threads.JMeterThread: Thread started: スレッドグループ 1-88 
2016/01/19 01:03:16 INFO  - jmeter.threads.JMeterThread: Thread started: スレッドグループ 1-89 
2016/01/19 01:03:17 INFO  - jmeter.threads.JMeterThread: Thread started: スレッドグループ 1-90 
2016/01/19 01:03:17 INFO  - jmeter.threads.JMeterThread: Thread started: スレッドグループ 1-91 
2016/01/19 01:03:17 INFO  - jmeter.threads.JMeterThread: Thread started: スレッドグループ 1-92 
2016/01/19 01:03:18 INFO  - jmeter.threads.JMeterThread: Thread started: スレッドグループ 1-93 
2016/01/19 01:03:18 INFO  - jmeter.threads.JMeterThread: Thread started: スレッドグループ 1-94 
2016/01/19 01:03:18 INFO  - jmeter.threads.JMeterThread: Thread started: スレッドグループ 1-95 
2016/01/19 01:03:19 INFO  - jmeter.threads.JMeterThread: Thread started: スレッドグループ 1-96 
2016/01/19 01:03:19 INFO  - jmeter.threads.JMeterThread: Thread started: スレッドグループ 1-97 
2016/01/19 01:03:19 INFO  - jmeter.threads.JMeterThread: Thread started: スレッドグループ 1-98 
2016/01/19 01:03:19 INFO  - jmeter.threads.JMeterThread: Thread started: スレッドグループ 1-99 
2016/01/19 01:03:20 INFO  - jmeter.threads.JMeterThread: Thread started: スレッドグループ 1-100 
2016/01/19 01:03:21 INFO  - jmeter.threads.JMeterThread: Thread is done: スレッドグループ 1-2 
2016/01/19 01:03:21 INFO  - jmeter.threads.JMeterThread: Thread is done: スレッドグループ 1-3 
2016/01/19 01:03:21 INFO  - jmeter.threads.JMeterThread: Thread finished: スレッドグループ 1-2 
2016/01/19 01:03:21 INFO  - jmeter.threads.JMeterThread: Thread finished: スレッドグループ 1-3 
2016/01/19 01:03:30 INFO  - jmeter.threads.JMeterThread: Thread is done: スレッドグループ 1-4 
2016/01/19 01:03:30 INFO  - jmeter.threads.JMeterThread: Thread finished: スレッドグループ 1-4 
2016/01/19 01:03:30 INFO  - jmeter.threads.JMeterThread: Thread is done: スレッドグループ 1-1 
2016/01/19 01:03:30 INFO  - jmeter.threads.JMeterThread: Thread finished: スレッドグループ 1-1 
2016/01/19 01:03:30 INFO  - jmeter.threads.JMeterThread: Thread is done: スレッドグループ 1-5 
2016/01/19 01:03:30 INFO  - jmeter.threads.JMeterThread: Thread finished: スレッドグループ 1-5 
2016/01/19 01:03:39 INFO  - jmeter.threads.JMeterThread: Thread is done: スレッドグループ 1-7 
2016/01/19 01:03:39 INFO  - jmeter.threads.JMeterThread: Thread finished: スレッドグループ 1-7 
2016/01/19 01:03:39 INFO  - jmeter.threads.JMeterThread: Thread is done: スレッドグループ 1-8 
2016/01/19 01:03:39 INFO  - jmeter.threads.JMeterThread: Thread finished: スレッドグループ 1-8 
2016/01/19 01:03:39 INFO  - jmeter.threads.JMeterThread: Thread is done: スレッドグループ 1-6 
2016/01/19 01:03:39 INFO  - jmeter.threads.JMeterThread: Thread finished: スレッドグループ 1-6 
2016/01/19 01:03:48 INFO  - jmeter.threads.JMeterThread: Thread is done: スレッドグループ 1-9 
2016/01/19 01:03:48 INFO  - jmeter.threads.JMeterThread: Thread finished: スレッドグループ 1-9 
2016/01/19 01:03:48 INFO  - jmeter.threads.JMeterThread: Thread is done: スレッドグループ 1-10 
2016/01/19 01:03:48 INFO  - jmeter.threads.JMeterThread: Thread finished: スレッドグループ 1-10 
2016/01/19 01:03:48 INFO  - jmeter.threads.JMeterThread: Thread is done: スレッドグループ 1-11 
2016/01/19 01:03:48 INFO  - jmeter.threads.JMeterThread: Thread finished: スレッドグループ 1-11 
2016/01/19 01:03:52 INFO  - jmeter.threads.JMeterThread: Thread is done: スレッドグループ 1-12 
2016/01/19 01:03:52 INFO  - jmeter.threads.JMeterThread: Thread finished: スレッドグループ 1-12 
2016/01/19 01:03:52 INFO  - jmeter.threads.JMeterThread: Thread is done: スレッドグループ 1-13 
2016/01/19 01:03:52 INFO  - jmeter.threads.JMeterThread: Thread finished: スレッドグループ 1-13 
2016/01/19 01:03:52 INFO  - jmeter.threads.JMeterThread: Thread is done: スレッドグループ 1-14 
2016/01/19 01:03:52 INFO  - jmeter.threads.JMeterThread: Thread finished: スレッドグループ 1-14 
2016/01/19 01:03:57 INFO  - jmeter.threads.JMeterThread: Thread is done: スレッドグループ 1-16 
2016/01/19 01:03:57 INFO  - jmeter.threads.JMeterThread: Thread finished: スレッドグループ 1-16 
2016/01/19 01:03:57 INFO  - jmeter.threads.JMeterThread: Thread is done: スレッドグループ 1-15 
2016/01/19 01:03:57 INFO  - jmeter.threads.JMeterThread: Thread finished: スレッドグループ 1-15 
2016/01/19 01:03:59 INFO  - jmeter.threads.JMeterThread: Thread is done: スレッドグループ 1-17 
2016/01/19 01:03:59 INFO  - jmeter.threads.JMeterThread: Thread is done: スレッドグループ 1-18 
2016/01/19 01:03:59 INFO  - jmeter.threads.JMeterThread: Thread finished: スレッドグループ 1-17 
2016/01/19 01:03:59 INFO  - jmeter.threads.JMeterThread: Thread finished: スレッドグループ 1-18 
2016/01/19 01:03:59 INFO  - jmeter.threads.JMeterThread: Thread is done: スレッドグループ 1-19 
2016/01/19 01:03:59 INFO  - jmeter.threads.JMeterThread: Thread finished: スレッドグループ 1-19 
2016/01/19 01:04:05 INFO  - jmeter.threads.JMeterThread: Thread is done: スレッドグループ 1-20 
2016/01/19 01:04:05 INFO  - jmeter.threads.JMeterThread: Thread finished: スレッドグループ 1-20 
2016/01/19 01:04:05 INFO  - jmeter.threads.JMeterThread: Thread is done: スレッドグループ 1-21 
2016/01/19 01:04:05 INFO  - jmeter.threads.JMeterThread: Thread is done: スレッドグループ 1-22 
2016/01/19 01:04:05 INFO  - jmeter.threads.JMeterThread: Thread finished: スレッドグループ 1-21 
2016/01/19 01:04:05 INFO  - jmeter.threads.JMeterThread: Thread finished: スレッドグループ 1-22 
2016/01/19 01:04:05 INFO  - jmeter.threads.JMeterThread: Thread is done: スレッドグループ 1-23 
2016/01/19 01:04:05 INFO  - jmeter.threads.JMeterThread: Thread finished: スレッドグループ 1-23 
2016/01/19 01:04:05 INFO  - jmeter.threads.JMeterThread: Thread is done: スレッドグループ 1-24 
2016/01/19 01:04:05 INFO  - jmeter.threads.JMeterThread: Thread finished: スレッドグループ 1-24 
2016/01/19 01:04:08 INFO  - jmeter.threads.JMeterThread: Thread is done: スレッドグループ 1-25 
2016/01/19 01:04:08 INFO  - jmeter.threads.JMeterThread: Thread finished: スレッドグループ 1-25 
2016/01/19 01:04:08 INFO  - jmeter.threads.JMeterThread: Thread is done: スレッドグループ 1-27 
2016/01/19 01:04:08 INFO  - jmeter.threads.JMeterThread: Thread finished: スレッドグループ 1-27 
2016/01/19 01:04:08 INFO  - jmeter.threads.JMeterThread: Thread is done: スレッドグループ 1-26 
2016/01/19 01:04:08 INFO  - jmeter.threads.JMeterThread: Thread finished: スレッドグループ 1-26 
2016/01/19 01:04:11 INFO  - jmeter.threads.JMeterThread: Thread is done: スレッドグループ 1-29 
2016/01/19 01:04:11 INFO  - jmeter.threads.JMeterThread: Thread is done: スレッドグループ 1-30 
2016/01/19 01:04:11 INFO  - jmeter.threads.JMeterThread: Thread finished: スレッドグループ 1-30 
2016/01/19 01:04:11 INFO  - jmeter.threads.JMeterThread: Thread finished: スレッドグループ 1-29 
2016/01/19 01:04:11 INFO  - jmeter.threads.JMeterThread: Thread is done: スレッドグループ 1-32 
2016/01/19 01:04:11 INFO  - jmeter.threads.JMeterThread: Thread finished: スレッドグループ 1-32 
2016/01/19 01:04:11 INFO  - jmeter.threads.JMeterThread: Thread is done: スレッドグループ 1-35 
2016/01/19 01:04:11 INFO  - jmeter.threads.JMeterThread: Thread finished: スレッドグループ 1-35 
2016/01/19 01:04:11 INFO  - jmeter.threads.JMeterThread: Thread is done: スレッドグループ 1-28 
2016/01/19 01:04:11 INFO  - jmeter.threads.JMeterThread: Thread finished: スレッドグループ 1-28 
2016/01/19 01:04:11 INFO  - jmeter.threads.JMeterThread: Thread is done: スレッドグループ 1-34 
2016/01/19 01:04:11 INFO  - jmeter.threads.JMeterThread: Thread finished: スレッドグループ 1-34 
2016/01/19 01:04:11 INFO  - jmeter.threads.JMeterThread: Thread is done: スレッドグループ 1-33 
2016/01/19 01:04:11 INFO  - jmeter.threads.JMeterThread: Thread finished: スレッドグループ 1-33 
2016/01/19 01:04:11 INFO  - jmeter.threads.JMeterThread: Thread is done: スレッドグループ 1-31 
2016/01/19 01:04:11 INFO  - jmeter.threads.JMeterThread: Thread finished: スレッドグループ 1-31 
2016/01/19 01:04:15 INFO  - jmeter.threads.JMeterThread: Thread is done: スレッドグループ 1-36 
2016/01/19 01:04:15 INFO  - jmeter.threads.JMeterThread: Thread is done: スレッドグループ 1-37 
2016/01/19 01:04:15 INFO  - jmeter.threads.JMeterThread: Thread finished: スレッドグループ 1-36 
2016/01/19 01:04:15 INFO  - jmeter.threads.JMeterThread: Thread finished: スレッドグループ 1-37 
2016/01/19 01:04:15 INFO  - jmeter.threads.JMeterThread: Thread is done: スレッドグループ 1-38 
2016/01/19 01:04:15 INFO  - jmeter.threads.JMeterThread: Thread finished: スレッドグループ 1-38 
2016/01/19 01:04:18 INFO  - jmeter.threads.JMeterThread: Thread is done: スレッドグループ 1-40 
2016/01/19 01:04:18 INFO  - jmeter.threads.JMeterThread: Thread finished: スレッドグループ 1-40 
2016/01/19 01:04:18 INFO  - jmeter.threads.JMeterThread: Thread is done: スレッドグループ 1-39 
2016/01/19 01:04:18 INFO  - jmeter.threads.JMeterThread: Thread is done: スレッドグループ 1-41 
2016/01/19 01:04:18 INFO  - jmeter.threads.JMeterThread: Thread finished: スレッドグループ 1-39 
2016/01/19 01:04:18 INFO  - jmeter.threads.JMeterThread: Thread finished: スレッドグループ 1-41 
2016/01/19 01:04:18 INFO  - jmeter.threads.JMeterThread: Thread is done: スレッドグループ 1-42 
2016/01/19 01:04:18 INFO  - jmeter.threads.JMeterThread: Thread finished: スレッドグループ 1-42 
2016/01/19 01:04:18 INFO  - jmeter.threads.JMeterThread: Thread is done: スレッドグループ 1-43 
2016/01/19 01:04:18 INFO  - jmeter.threads.JMeterThread: Thread finished: スレッドグループ 1-43 
2016/01/19 01:04:18 INFO  - jmeter.threads.JMeterThread: Thread is done: スレッドグループ 1-44 
2016/01/19 01:04:18 INFO  - jmeter.threads.JMeterThread: Thread finished: スレッドグループ 1-44 
2016/01/19 01:04:18 INFO  - jmeter.threads.JMeterThread: Thread is done: スレッドグループ 1-47 
2016/01/19 01:04:18 INFO  - jmeter.threads.JMeterThread: Thread finished: スレッドグループ 1-47 
2016/01/19 01:04:18 INFO  - jmeter.threads.JMeterThread: Thread is done: スレッドグループ 1-48 
2016/01/19 01:04:18 INFO  - jmeter.threads.JMeterThread: Thread finished: スレッドグループ 1-48 
2016/01/19 01:04:18 INFO  - jmeter.threads.JMeterThread: Thread is done: スレッドグループ 1-45 
2016/01/19 01:04:18 INFO  - jmeter.threads.JMeterThread: Thread finished: スレッドグループ 1-45 
2016/01/19 01:04:18 INFO  - jmeter.threads.JMeterThread: Thread is done: スレッドグループ 1-46 
2016/01/19 01:04:18 INFO  - jmeter.threads.JMeterThread: Thread finished: スレッドグループ 1-46 
2016/01/19 01:04:18 INFO  - jmeter.threads.JMeterThread: Thread is done: スレッドグループ 1-49 
2016/01/19 01:04:18 INFO  - jmeter.threads.JMeterThread: Thread finished: スレッドグループ 1-49 
2016/01/19 01:04:18 INFO  - jmeter.threads.JMeterThread: Thread is done: スレッドグループ 1-50 
2016/01/19 01:04:18 INFO  - jmeter.threads.JMeterThread: Thread finished: スレッドグループ 1-50 
2016/01/19 01:04:18 INFO  - jmeter.threads.JMeterThread: Thread is done: スレッドグループ 1-51 
2016/01/19 01:04:18 INFO  - jmeter.threads.JMeterThread: Thread finished: スレッドグループ 1-51 
2016/01/19 01:04:18 INFO  - jmeter.threads.JMeterThread: Thread is done: スレッドグループ 1-52 
2016/01/19 01:04:18 INFO  - jmeter.threads.JMeterThread: Thread finished: スレッドグループ 1-52 
2016/01/19 01:04:18 INFO  - jmeter.threads.JMeterThread: Thread is done: スレッドグループ 1-55 
2016/01/19 01:04:18 INFO  - jmeter.threads.JMeterThread: Thread finished: スレッドグループ 1-55 
2016/01/19 01:04:18 INFO  - jmeter.threads.JMeterThread: Thread is done: スレッドグループ 1-56 
2016/01/19 01:04:18 INFO  - jmeter.threads.JMeterThread: Thread finished: スレッドグループ 1-56 
2016/01/19 01:04:18 INFO  - jmeter.threads.JMeterThread: Thread is done: スレッドグループ 1-53 
2016/01/19 01:04:18 INFO  - jmeter.threads.JMeterThread: Thread finished: スレッドグループ 1-53 
2016/01/19 01:04:18 INFO  - jmeter.threads.JMeterThread: Thread is done: スレッドグループ 1-57 
2016/01/19 01:04:18 INFO  - jmeter.threads.JMeterThread: Thread finished: スレッドグループ 1-57 
2016/01/19 01:04:18 INFO  - jmeter.threads.JMeterThread: Thread is done: スレッドグループ 1-54 
2016/01/19 01:04:18 INFO  - jmeter.threads.JMeterThread: Thread finished: スレッドグループ 1-54 
2016/01/19 01:04:19 INFO  - jmeter.threads.JMeterThread: Thread is done: スレッドグループ 1-59 
2016/01/19 01:04:19 INFO  - jmeter.threads.JMeterThread: Thread finished: スレッドグループ 1-59 
2016/01/19 01:04:19 INFO  - jmeter.threads.JMeterThread: Thread is done: スレッドグループ 1-58 
2016/01/19 01:04:19 INFO  - jmeter.threads.JMeterThread: Thread finished: スレッドグループ 1-58 
2016/01/19 01:04:19 INFO  - jmeter.threads.JMeterThread: Thread is done: スレッドグループ 1-60 
2016/01/19 01:04:19 INFO  - jmeter.threads.JMeterThread: Thread finished: スレッドグループ 1-60 
2016/01/19 01:04:19 INFO  - jmeter.threads.JMeterThread: Thread is done: スレッドグループ 1-62 
2016/01/19 01:04:19 INFO  - jmeter.threads.JMeterThread: Thread finished: スレッドグループ 1-62 
2016/01/19 01:04:19 INFO  - jmeter.threads.JMeterThread: Thread is done: スレッドグループ 1-61 
2016/01/19 01:04:19 INFO  - jmeter.threads.JMeterThread: Thread finished: スレッドグループ 1-61 
2016/01/19 01:04:19 INFO  - jmeter.threads.JMeterThread: Thread is done: スレッドグループ 1-63 
2016/01/19 01:04:19 INFO  - jmeter.threads.JMeterThread: Thread finished: スレッドグループ 1-63 
2016/01/19 01:04:19 INFO  - jmeter.threads.JMeterThread: Thread is done: スレッドグループ 1-65 
2016/01/19 01:04:19 INFO  - jmeter.threads.JMeterThread: Thread finished: スレッドグループ 1-65 
2016/01/19 01:04:19 INFO  - jmeter.threads.JMeterThread: Thread is done: スレッドグループ 1-66 
2016/01/19 01:04:19 INFO  - jmeter.threads.JMeterThread: Thread finished: スレッドグループ 1-66 
2016/01/19 01:04:19 INFO  - jmeter.threads.JMeterThread: Thread is done: スレッドグループ 1-67 
2016/01/19 01:04:19 INFO  - jmeter.threads.JMeterThread: Thread finished: スレッドグループ 1-67 
2016/01/19 01:04:19 INFO  - jmeter.threads.JMeterThread: Thread is done: スレッドグループ 1-64 
2016/01/19 01:04:19 INFO  - jmeter.threads.JMeterThread: Thread finished: スレッドグループ 1-64 
2016/01/19 01:04:21 INFO  - jmeter.threads.JMeterThread: Thread is done: スレッドグループ 1-68 
2016/01/19 01:04:21 INFO  - jmeter.threads.JMeterThread: Thread is done: スレッドグループ 1-69 
2016/01/19 01:04:21 INFO  - jmeter.threads.JMeterThread: Thread finished: スレッドグループ 1-69 
2016/01/19 01:04:21 INFO  - jmeter.threads.JMeterThread: Thread is done: スレッドグループ 1-70 
2016/01/19 01:04:21 INFO  - jmeter.threads.JMeterThread: Thread finished: スレッドグループ 1-70 
2016/01/19 01:04:21 INFO  - jmeter.threads.JMeterThread: Thread is done: スレッドグループ 1-71 
2016/01/19 01:04:21 INFO  - jmeter.threads.JMeterThread: Thread finished: スレッドグループ 1-71 
2016/01/19 01:04:21 INFO  - jmeter.threads.JMeterThread: Thread finished: スレッドグループ 1-68 
2016/01/19 01:04:21 INFO  - jmeter.threads.JMeterThread: Thread is done: スレッドグループ 1-72 
2016/01/19 01:04:21 INFO  - jmeter.threads.JMeterThread: Thread finished: スレッドグループ 1-72 
2016/01/19 01:04:21 INFO  - jmeter.threads.JMeterThread: Thread is done: スレッドグループ 1-74 
2016/01/19 01:04:21 INFO  - jmeter.threads.JMeterThread: Thread finished: スレッドグループ 1-74 
2016/01/19 01:04:21 INFO  - jmeter.threads.JMeterThread: Thread is done: スレッドグループ 1-75 
2016/01/19 01:04:21 INFO  - jmeter.threads.JMeterThread: Thread finished: スレッドグループ 1-75 
2016/01/19 01:04:21 INFO  - jmeter.threads.JMeterThread: Thread is done: スレッドグループ 1-73 
2016/01/19 01:04:21 INFO  - jmeter.threads.JMeterThread: Thread finished: スレッドグループ 1-73 
2016/01/19 01:04:21 INFO  - jmeter.threads.JMeterThread: Thread is done: スレッドグループ 1-76 
2016/01/19 01:04:21 INFO  - jmeter.threads.JMeterThread: Thread finished: スレッドグループ 1-76 
2016/01/19 01:04:21 INFO  - jmeter.threads.JMeterThread: Thread is done: スレッドグループ 1-77 
2016/01/19 01:04:21 INFO  - jmeter.threads.JMeterThread: Thread finished: スレッドグループ 1-77 
2016/01/19 01:04:21 INFO  - jmeter.threads.JMeterThread: Thread is done: スレッドグループ 1-78 
2016/01/19 01:04:21 INFO  - jmeter.threads.JMeterThread: Thread finished: スレッドグループ 1-78 
2016/01/19 01:04:22 INFO  - jmeter.threads.JMeterThread: Thread is done: スレッドグループ 1-79 
2016/01/19 01:04:22 INFO  - jmeter.threads.JMeterThread: Thread finished: スレッドグループ 1-79 
2016/01/19 01:04:22 INFO  - jmeter.threads.JMeterThread: Thread is done: スレッドグループ 1-80 
2016/01/19 01:04:22 INFO  - jmeter.threads.JMeterThread: Thread finished: スレッドグループ 1-80 
2016/01/19 01:04:22 INFO  - jmeter.threads.JMeterThread: Thread is done: スレッドグループ 1-81 
2016/01/19 01:04:22 INFO  - jmeter.threads.JMeterThread: Thread finished: スレッドグループ 1-81 
2016/01/19 01:04:22 INFO  - jmeter.threads.JMeterThread: Thread is done: スレッドグループ 1-82 
2016/01/19 01:04:22 INFO  - jmeter.threads.JMeterThread: Thread finished: スレッドグループ 1-82 
2016/01/19 01:04:22 INFO  - jmeter.threads.JMeterThread: Thread is done: スレッドグループ 1-83 
2016/01/19 01:04:22 INFO  - jmeter.threads.JMeterThread: Thread is done: スレッドグループ 1-84 
2016/01/19 01:04:22 INFO  - jmeter.threads.JMeterThread: Thread finished: スレッドグループ 1-84 
2016/01/19 01:04:22 INFO  - jmeter.threads.JMeterThread: Thread is done: スレッドグループ 1-86 
2016/01/19 01:04:22 INFO  - jmeter.threads.JMeterThread: Thread finished: スレッドグループ 1-86 
2016/01/19 01:04:22 INFO  - jmeter.threads.JMeterThread: Thread is done: スレッドグループ 1-87 
2016/01/19 01:04:22 INFO  - jmeter.threads.JMeterThread: Thread finished: スレッドグループ 1-87 
2016/01/19 01:04:22 INFO  - jmeter.threads.JMeterThread: Thread finished: スレッドグループ 1-83 
2016/01/19 01:04:22 INFO  - jmeter.threads.JMeterThread: Thread is done: スレッドグループ 1-85 
2016/01/19 01:04:22 INFO  - jmeter.threads.JMeterThread: Thread finished: スレッドグループ 1-85 
2016/01/19 01:04:22 INFO  - jmeter.threads.JMeterThread: Thread is done: スレッドグループ 1-88 
2016/01/19 01:04:22 INFO  - jmeter.threads.JMeterThread: Thread finished: スレッドグループ 1-88 
2016/01/19 01:04:22 INFO  - jmeter.threads.JMeterThread: Thread is done: スレッドグループ 1-89 
2016/01/19 01:04:22 INFO  - jmeter.threads.JMeterThread: Thread is done: スレッドグループ 1-90 
2016/01/19 01:04:22 INFO  - jmeter.threads.JMeterThread: Thread finished: スレッドグループ 1-89 
2016/01/19 01:04:22 INFO  - jmeter.threads.JMeterThread: Thread finished: スレッドグループ 1-90 
2016/01/19 01:04:22 INFO  - jmeter.threads.JMeterThread: Thread is done: スレッドグループ 1-91 
2016/01/19 01:04:22 INFO  - jmeter.threads.JMeterThread: Thread finished: スレッドグループ 1-91 
2016/01/19 01:04:22 INFO  - jmeter.threads.JMeterThread: Thread is done: スレッドグループ 1-92 
2016/01/19 01:04:22 INFO  - jmeter.threads.JMeterThread: Thread finished: スレッドグループ 1-92 
2016/01/19 01:04:22 INFO  - jmeter.threads.JMeterThread: Thread is done: スレッドグループ 1-93 
2016/01/19 01:04:22 INFO  - jmeter.threads.JMeterThread: Thread finished: スレッドグループ 1-93 
2016/01/19 01:04:22 INFO  - jmeter.threads.JMeterThread: Thread is done: スレッドグループ 1-94 
2016/01/19 01:04:22 INFO  - jmeter.threads.JMeterThread: Thread finished: スレッドグループ 1-94 
2016/01/19 01:04:23 INFO  - jmeter.threads.JMeterThread: Thread is done: スレッドグループ 1-95 
2016/01/19 01:04:23 INFO  - jmeter.threads.JMeterThread: Thread finished: スレッドグループ 1-95 
2016/01/19 01:04:23 INFO  - jmeter.threads.JMeterThread: Thread is done: スレッドグループ 1-96 
2016/01/19 01:04:23 INFO  - jmeter.threads.JMeterThread: Thread finished: スレッドグループ 1-96 
2016/01/19 01:04:23 INFO  - jmeter.threads.JMeterThread: Thread is done: スレッドグループ 1-97 
2016/01/19 01:04:23 INFO  - jmeter.threads.JMeterThread: Thread finished: スレッドグループ 1-97 
2016/01/19 01:04:23 INFO  - jmeter.threads.JMeterThread: Thread is done: スレッドグループ 1-98 
2016/01/19 01:04:23 INFO  - jmeter.threads.JMeterThread: Thread finished: スレッドグループ 1-98 
2016/01/19 01:04:23 INFO  - jmeter.threads.JMeterThread: Thread is done: スレッドグループ 1-99 
2016/01/19 01:04:23 INFO  - jmeter.threads.JMeterThread: Thread finished: スレッドグループ 1-99 
2016/01/19 01:04:23 INFO  - jmeter.threads.JMeterThread: Thread is done: スレッドグループ 1-100 
2016/01/19 01:04:23 INFO  - jmeter.threads.JMeterThread: Thread finished: スレッドグループ 1-100 
2016/01/19 01:04:23 INFO  - jmeter.engine.StandardJMeterEngine: Notifying test listeners of end of test 
2016/01/19 01:04:23 INFO  - jmeter.gui.util.JMeterMenuBar: setRunning(false,*local*) 
2016/01/19 01:04:39 INFO  - jmeter.engine.StandardJMeterEngine: Running the test! 
2016/01/19 01:04:39 INFO  - jmeter.samplers.SampleEvent: List of sample_variables: [] 
2016/01/19 01:04:39 INFO  - jmeter.gui.util.JMeterMenuBar: setRunning(true,*local*) 
2016/01/19 01:04:39 INFO  - jmeter.engine.StandardJMeterEngine: Starting ThreadGroup: 1 : スレッドグループ 
2016/01/19 01:04:39 INFO  - jmeter.engine.StandardJMeterEngine: Starting 100 threads for group スレッドグループ. 
2016/01/19 01:04:39 INFO  - jmeter.engine.StandardJMeterEngine: Thread will continue on error 
2016/01/19 01:04:39 INFO  - jmeter.threads.ThreadGroup: Starting thread group number 1 threads 100 ramp-up 30 perThread 300.0 delayedStart=false 
2016/01/19 01:04:39 INFO  - jmeter.threads.JMeterThread: Thread started: スレッドグループ 1-1 
2016/01/19 01:04:39 INFO  - jmeter.threads.ThreadGroup: Started thread group number 1 
2016/01/19 01:04:39 INFO  - jmeter.engine.StandardJMeterEngine: All thread groups have been started 
2016/01/19 01:04:40 INFO  - jmeter.threads.JMeterThread: Thread started: スレッドグループ 1-2 
2016/01/19 01:04:40 INFO  - jmeter.threads.JMeterThread: Thread started: スレッドグループ 1-3 
2016/01/19 01:04:40 INFO  - jmeter.threads.JMeterThread: Thread started: スレッドグループ 1-4 
2016/01/19 01:04:41 INFO  - jmeter.threads.JMeterThread: Thread started: スレッドグループ 1-5 
2016/01/19 01:04:41 INFO  - jmeter.threads.JMeterThread: Thread started: スレッドグループ 1-6 
2016/01/19 01:04:41 INFO  - jmeter.threads.JMeterThread: Thread started: スレッドグループ 1-7 
2016/01/19 01:04:41 INFO  - jmeter.threads.JMeterThread: Thread started: スレッドグループ 1-8 
2016/01/19 01:04:42 INFO  - jmeter.threads.JMeterThread: Thread started: スレッドグループ 1-9 
2016/01/19 01:04:42 INFO  - jmeter.threads.JMeterThread: Thread started: スレッドグループ 1-10 
2016/01/19 01:04:42 INFO  - jmeter.threads.JMeterThread: Thread started: スレッドグループ 1-11 
2016/01/19 01:04:43 INFO  - jmeter.threads.JMeterThread: Thread started: スレッドグループ 1-12 
2016/01/19 01:04:43 INFO  - jmeter.threads.JMeterThread: Thread started: スレッドグループ 1-13 
2016/01/19 01:04:43 INFO  - jmeter.threads.JMeterThread: Thread started: スレッドグループ 1-14 
2016/01/19 01:04:44 INFO  - jmeter.threads.JMeterThread: Thread started: スレッドグループ 1-15 
2016/01/19 01:04:44 INFO  - jmeter.threads.JMeterThread: Thread started: スレッドグループ 1-16 
2016/01/19 01:04:44 INFO  - jmeter.threads.JMeterThread: Thread started: スレッドグループ 1-17 
2016/01/19 01:04:44 INFO  - jmeter.threads.JMeterThread: Thread started: スレッドグループ 1-18 
2016/01/19 01:04:45 INFO  - jmeter.threads.JMeterThread: Thread started: スレッドグループ 1-19 
2016/01/19 01:04:45 INFO  - jmeter.threads.JMeterThread: Thread started: スレッドグループ 1-20 
2016/01/19 01:04:45 INFO  - jmeter.threads.JMeterThread: Thread started: スレッドグループ 1-21 
2016/01/19 01:04:46 INFO  - jmeter.threads.JMeterThread: Thread started: スレッドグループ 1-22 
2016/01/19 01:04:46 INFO  - jmeter.threads.JMeterThread: Thread started: スレッドグループ 1-23 
2016/01/19 01:04:46 INFO  - jmeter.threads.JMeterThread: Thread started: スレッドグループ 1-24 
2016/01/19 01:04:47 INFO  - jmeter.threads.JMeterThread: Thread started: スレッドグループ 1-25 
2016/01/19 01:04:47 INFO  - jmeter.threads.JMeterThread: Thread started: スレッドグループ 1-26 
2016/01/19 01:04:47 INFO  - jmeter.threads.JMeterThread: Thread started: スレッドグループ 1-27 
2016/01/19 01:04:47 INFO  - jmeter.threads.JMeterThread: Thread started: スレッドグループ 1-28 
2016/01/19 01:04:48 INFO  - jmeter.threads.JMeterThread: Thread started: スレッドグループ 1-29 
2016/01/19 01:04:48 INFO  - jmeter.threads.JMeterThread: Thread started: スレッドグループ 1-30 
2016/01/19 01:04:48 INFO  - jmeter.threads.JMeterThread: Thread started: スレッドグループ 1-31 
2016/01/19 01:04:49 INFO  - jmeter.threads.JMeterThread: Thread started: スレッドグループ 1-32 
2016/01/19 01:04:49 INFO  - jmeter.threads.JMeterThread: Thread started: スレッドグループ 1-33 
2016/01/19 01:04:49 INFO  - jmeter.threads.JMeterThread: Thread started: スレッドグループ 1-34 
2016/01/19 01:04:50 INFO  - jmeter.threads.JMeterThread: Thread started: スレッドグループ 1-35 
2016/01/19 01:04:50 INFO  - jmeter.threads.JMeterThread: Thread started: スレッドグループ 1-36 
2016/01/19 01:04:50 INFO  - jmeter.threads.JMeterThread: Thread started: スレッドグループ 1-37 
2016/01/19 01:04:50 INFO  - jmeter.threads.JMeterThread: Thread started: スレッドグループ 1-38 
2016/01/19 01:04:51 INFO  - jmeter.threads.JMeterThread: Thread started: スレッドグループ 1-39 
2016/01/19 01:04:51 INFO  - jmeter.threads.JMeterThread: Thread is done: スレッドグループ 1-1 
2016/01/19 01:04:51 INFO  - jmeter.threads.JMeterThread: Thread finished: スレッドグループ 1-1 
2016/01/19 01:04:51 INFO  - jmeter.threads.JMeterThread: Thread started: スレッドグループ 1-40 
2016/01/19 01:04:51 INFO  - jmeter.threads.JMeterThread: Thread started: スレッドグループ 1-41 
2016/01/19 01:04:52 INFO  - jmeter.threads.JMeterThread: Thread started: スレッドグループ 1-42 
2016/01/19 01:04:52 INFO  - jmeter.threads.JMeterThread: Thread started: スレッドグループ 1-43 
2016/01/19 01:04:52 INFO  - jmeter.threads.JMeterThread: Thread started: スレッドグループ 1-44 
2016/01/19 01:04:53 INFO  - jmeter.threads.JMeterThread: Thread started: スレッドグループ 1-45 
2016/01/19 01:04:53 INFO  - jmeter.threads.JMeterThread: Thread started: スレッドグループ 1-46 
2016/01/19 01:04:53 INFO  - jmeter.threads.JMeterThread: Thread started: スレッドグループ 1-47 
2016/01/19 01:04:53 INFO  - jmeter.threads.JMeterThread: Thread started: スレッドグループ 1-48 
2016/01/19 01:04:54 INFO  - jmeter.threads.JMeterThread: Thread started: スレッドグループ 1-49 
2016/01/19 01:04:54 INFO  - jmeter.threads.JMeterThread: Thread started: スレッドグループ 1-50 
2016/01/19 01:04:54 INFO  - jmeter.threads.JMeterThread: Thread started: スレッドグループ 1-51 
2016/01/19 01:04:55 INFO  - jmeter.threads.JMeterThread: Thread started: スレッドグループ 1-52 
2016/01/19 01:04:55 INFO  - jmeter.threads.JMeterThread: Thread started: スレッドグループ 1-53 
2016/01/19 01:04:55 INFO  - jmeter.threads.JMeterThread: Thread started: スレッドグループ 1-54 
2016/01/19 01:04:56 INFO  - jmeter.threads.JMeterThread: Thread started: スレッドグループ 1-55 
2016/01/19 01:04:56 INFO  - jmeter.threads.JMeterThread: Thread is done: スレッドグループ 1-2 
2016/01/19 01:04:56 INFO  - jmeter.threads.JMeterThread: Thread finished: スレッドグループ 1-2 
2016/01/19 01:04:56 INFO  - jmeter.threads.JMeterThread: Thread started: スレッドグループ 1-56 
2016/01/19 01:04:56 INFO  - jmeter.threads.JMeterThread: Thread started: スレッドグループ 1-57 
2016/01/19 01:04:56 INFO  - jmeter.threads.JMeterThread: Thread started: スレッドグループ 1-58 
2016/01/19 01:04:57 INFO  - jmeter.threads.JMeterThread: Thread started: スレッドグループ 1-59 
2016/01/19 01:04:57 INFO  - jmeter.threads.JMeterThread: Thread started: スレッドグループ 1-60 
2016/01/19 01:04:57 INFO  - jmeter.threads.JMeterThread: Thread started: スレッドグループ 1-61 
2016/01/19 01:04:58 INFO  - jmeter.threads.JMeterThread: Thread started: スレッドグループ 1-62 
2016/01/19 01:04:58 INFO  - jmeter.threads.JMeterThread: Thread started: スレッドグループ 1-63 
2016/01/19 01:04:58 INFO  - jmeter.threads.JMeterThread: Thread started: スレッドグループ 1-64 
2016/01/19 01:04:59 INFO  - jmeter.threads.JMeterThread: Thread started: スレッドグループ 1-65 
2016/01/19 01:04:59 INFO  - jmeter.threads.JMeterThread: Thread started: スレッドグループ 1-66 
2016/01/19 01:04:59 INFO  - jmeter.threads.JMeterThread: Thread started: スレッドグループ 1-67 
2016/01/19 01:04:59 INFO  - jmeter.threads.JMeterThread: Thread started: スレッドグループ 1-68 
2016/01/19 01:05:00 INFO  - jmeter.threads.JMeterThread: Thread started: スレッドグループ 1-69 
2016/01/19 01:05:00 INFO  - jmeter.threads.JMeterThread: Thread started: スレッドグループ 1-70 
2016/01/19 01:05:00 INFO  - jmeter.threads.JMeterThread: Thread started: スレッドグループ 1-71 
2016/01/19 01:05:01 INFO  - jmeter.threads.JMeterThread: Thread started: スレッドグループ 1-72 
2016/01/19 01:05:01 INFO  - jmeter.threads.JMeterThread: Thread started: スレッドグループ 1-73 
2016/01/19 01:05:01 INFO  - jmeter.threads.JMeterThread: Thread started: スレッドグループ 1-74 
2016/01/19 01:05:02 INFO  - jmeter.threads.JMeterThread: Thread started: スレッドグループ 1-75 
2016/01/19 01:05:02 INFO  - jmeter.threads.JMeterThread: Thread is done: スレッドグループ 1-3 
2016/01/19 01:05:02 INFO  - jmeter.threads.JMeterThread: Thread finished: スレッドグループ 1-3 
2016/01/19 01:05:02 INFO  - jmeter.threads.JMeterThread: Thread started: スレッドグループ 1-76 
2016/01/19 01:05:02 INFO  - jmeter.threads.JMeterThread: Thread started: スレッドグループ 1-77 
2016/01/19 01:05:02 INFO  - jmeter.threads.JMeterThread: Thread started: スレッドグループ 1-78 
2016/01/19 01:05:03 INFO  - jmeter.threads.JMeterThread: Thread started: スレッドグループ 1-79 
2016/01/19 01:05:03 INFO  - jmeter.threads.JMeterThread: Thread started: スレッドグループ 1-80 
2016/01/19 01:05:03 INFO  - jmeter.threads.JMeterThread: Thread started: スレッドグループ 1-81 
2016/01/19 01:05:04 INFO  - jmeter.threads.JMeterThread: Thread started: スレッドグループ 1-82 
2016/01/19 01:05:04 INFO  - jmeter.threads.JMeterThread: Thread started: スレッドグループ 1-83 
2016/01/19 01:05:04 INFO  - jmeter.threads.JMeterThread: Thread started: スレッドグループ 1-84 
2016/01/19 01:05:05 INFO  - jmeter.threads.JMeterThread: Thread started: スレッドグループ 1-85 
2016/01/19 01:05:05 INFO  - jmeter.threads.JMeterThread: Thread started: スレッドグループ 1-86 
2016/01/19 01:05:05 INFO  - jmeter.threads.JMeterThread: Thread started: スレッドグループ 1-87 
2016/01/19 01:05:06 INFO  - jmeter.threads.JMeterThread: Thread started: スレッドグループ 1-88 
2016/01/19 01:05:06 INFO  - jmeter.threads.JMeterThread: Thread started: スレッドグループ 1-89 
2016/01/19 01:05:06 INFO  - jmeter.threads.JMeterThread: Thread started: スレッドグループ 1-90 
2016/01/19 01:05:06 INFO  - jmeter.threads.JMeterThread: Thread started: スレッドグループ 1-91 
2016/01/19 01:05:07 INFO  - jmeter.threads.JMeterThread: Thread started: スレッドグループ 1-92 
2016/01/19 01:05:07 INFO  - jmeter.threads.JMeterThread: Thread started: スレッドグループ 1-93 
2016/01/19 01:05:07 INFO  - jmeter.threads.JMeterThread: Thread started: スレッドグループ 1-94 
2016/01/19 01:05:08 INFO  - jmeter.threads.JMeterThread: Thread started: スレッドグループ 1-95 
2016/01/19 01:05:08 INFO  - jmeter.threads.JMeterThread: Thread started: スレッドグループ 1-96 
2016/01/19 01:05:08 INFO  - jmeter.threads.JMeterThread: Thread started: スレッドグループ 1-97 
2016/01/19 01:05:09 INFO  - jmeter.threads.JMeterThread: Thread started: スレッドグループ 1-98 
2016/01/19 01:05:09 INFO  - jmeter.threads.JMeterThread: Thread started: スレッドグループ 1-99 
2016/01/19 01:05:09 INFO  - jmeter.threads.JMeterThread: Thread started: スレッドグループ 1-100 
2016/01/19 01:05:10 INFO  - jmeter.threads.JMeterThread: Thread is done: スレッドグループ 1-4 
2016/01/19 01:05:10 INFO  - jmeter.threads.JMeterThread: Thread finished: スレッドグループ 1-4 
2016/01/19 01:05:14 INFO  - jmeter.threads.JMeterThread: Thread is done: スレッドグループ 1-5 
2016/01/19 01:05:14 INFO  - jmeter.threads.JMeterThread: Thread finished: スレッドグループ 1-5 
2016/01/19 01:05:19 INFO  - jmeter.threads.JMeterThread: Thread is done: スレッドグループ 1-6 
2016/01/19 01:05:19 INFO  - jmeter.threads.JMeterThread: Thread finished: スレッドグループ 1-6 
2016/01/19 01:05:24 INFO  - jmeter.threads.JMeterThread: Thread is done: スレッドグループ 1-7 
2016/01/19 01:05:24 INFO  - jmeter.threads.JMeterThread: Thread finished: スレッドグループ 1-7 
2016/01/19 01:05:28 INFO  - jmeter.threads.JMeterThread: Thread is done: スレッドグループ 1-8 
2016/01/19 01:05:28 INFO  - jmeter.threads.JMeterThread: Thread finished: スレッドグループ 1-8 
2016/01/19 01:05:28 INFO  - jmeter.threads.JMeterThread: Thread is done: スレッドグループ 1-9 
2016/01/19 01:05:28 INFO  - jmeter.threads.JMeterThread: Thread finished: スレッドグループ 1-9 
2016/01/19 01:05:31 INFO  - jmeter.threads.JMeterThread: Thread is done: スレッドグループ 1-10 
2016/01/19 01:05:31 INFO  - jmeter.threads.JMeterThread: Thread finished: スレッドグループ 1-10 
2016/01/19 01:05:35 INFO  - jmeter.threads.JMeterThread: Thread is done: スレッドグループ 1-11 
2016/01/19 01:05:35 INFO  - jmeter.threads.JMeterThread: Thread finished: スレッドグループ 1-11 
2016/01/19 01:05:35 INFO  - jmeter.threads.JMeterThread: Thread is done: スレッドグループ 1-12 
2016/01/19 01:05:35 INFO  - jmeter.threads.JMeterThread: Thread finished: スレッドグループ 1-12 
2016/01/19 01:05:35 INFO  - jmeter.threads.JMeterThread: Thread is done: スレッドグループ 1-13 
2016/01/19 01:05:35 INFO  - jmeter.threads.JMeterThread: Thread finished: スレッドグループ 1-13 
2016/01/19 01:05:40 INFO  - jmeter.threads.JMeterThread: Thread is done: スレッドグループ 1-14 
2016/01/19 01:05:40 INFO  - jmeter.threads.JMeterThread: Thread finished: スレッドグループ 1-14 
2016/01/19 01:05:45 INFO  - jmeter.threads.JMeterThread: Thread is done: スレッドグループ 1-15 
2016/01/19 01:05:45 INFO  - jmeter.threads.JMeterThread: Thread is done: スレッドグループ 1-16 
2016/01/19 01:05:45 INFO  - jmeter.threads.JMeterThread: Thread finished: スレッドグループ 1-15 
2016/01/19 01:05:45 INFO  - jmeter.threads.JMeterThread: Thread finished: スレッドグループ 1-16 
2016/01/19 01:05:45 INFO  - jmeter.threads.JMeterThread: Thread is done: スレッドグループ 1-17 
2016/01/19 01:05:45 INFO  - jmeter.threads.JMeterThread: Thread is done: スレッドグループ 1-18 
2016/01/19 01:05:45 INFO  - jmeter.threads.JMeterThread: Thread finished: スレッドグループ 1-17 
2016/01/19 01:05:45 INFO  - jmeter.threads.JMeterThread: Thread finished: スレッドグループ 1-18 
2016/01/19 01:05:45 INFO  - jmeter.threads.JMeterThread: Thread is done: スレッドグループ 1-19 
2016/01/19 01:05:45 INFO  - jmeter.threads.JMeterThread: Thread finished: スレッドグループ 1-19 
2016/01/19 01:05:47 INFO  - jmeter.threads.JMeterThread: Thread is done: スレッドグループ 1-20 
2016/01/19 01:05:47 INFO  - jmeter.threads.JMeterThread: Thread finished: スレッドグループ 1-20 
2016/01/19 01:05:47 INFO  - jmeter.threads.JMeterThread: Thread is done: スレッドグループ 1-21 
2016/01/19 01:05:47 INFO  - jmeter.threads.JMeterThread: Thread finished: スレッドグループ 1-21 
2016/01/19 01:05:51 INFO  - jmeter.threads.JMeterThread: Thread is done: スレッドグループ 1-22 
2016/01/19 01:05:51 INFO  - jmeter.threads.JMeterThread: Thread finished: スレッドグループ 1-22 
2016/01/19 01:05:51 INFO  - jmeter.threads.JMeterThread: Thread is done: スレッドグループ 1-23 
2016/01/19 01:05:51 INFO  - jmeter.threads.JMeterThread: Thread finished: スレッドグループ 1-23 
2016/01/19 01:05:51 INFO  - jmeter.threads.JMeterThread: Thread is done: スレッドグループ 1-24 
2016/01/19 01:05:51 INFO  - jmeter.threads.JMeterThread: Thread finished: スレッドグループ 1-24 
2016/01/19 01:05:51 INFO  - jmeter.threads.JMeterThread: Thread is done: スレッドグループ 1-25 
2016/01/19 01:05:51 INFO  - jmeter.threads.JMeterThread: Thread finished: スレッドグループ 1-25 
2016/01/19 01:05:51 INFO  - jmeter.threads.JMeterThread: Thread is done: スレッドグループ 1-26 
2016/01/19 01:05:51 INFO  - jmeter.threads.JMeterThread: Thread finished: スレッドグループ 1-26 
2016/01/19 01:05:51 INFO  - jmeter.threads.JMeterThread: Thread is done: スレッドグループ 1-27 
2016/01/19 01:05:51 INFO  - jmeter.threads.JMeterThread: Thread finished: スレッドグループ 1-27 
2016/01/19 01:05:53 INFO  - jmeter.threads.JMeterThread: Thread is done: スレッドグループ 1-29 
2016/01/19 01:05:53 INFO  - jmeter.threads.JMeterThread: Thread is done: スレッドグループ 1-30 
2016/01/19 01:05:53 INFO  - jmeter.threads.JMeterThread: Thread finished: スレッドグループ 1-29 
2016/01/19 01:05:53 INFO  - jmeter.threads.JMeterThread: Thread finished: スレッドグループ 1-30 
2016/01/19 01:05:53 INFO  - jmeter.threads.JMeterThread: Thread is done: スレッドグループ 1-28 
2016/01/19 01:05:53 INFO  - jmeter.threads.JMeterThread: Thread finished: スレッドグループ 1-28 
2016/01/19 01:05:57 INFO  - jmeter.threads.JMeterThread: Thread is done: スレッドグループ 1-32 
2016/01/19 01:05:57 INFO  - jmeter.threads.JMeterThread: Thread finished: スレッドグループ 1-32 
2016/01/19 01:05:57 INFO  - jmeter.threads.JMeterThread: Thread is done: スレッドグループ 1-31 
2016/01/19 01:05:57 INFO  - jmeter.threads.JMeterThread: Thread finished: スレッドグループ 1-31 
2016/01/19 01:05:57 INFO  - jmeter.threads.JMeterThread: Thread is done: スレッドグループ 1-33 
2016/01/19 01:05:57 INFO  - jmeter.threads.JMeterThread: Thread is done: スレッドグループ 1-34 
2016/01/19 01:05:57 INFO  - jmeter.threads.JMeterThread: Thread finished: スレッドグループ 1-33 
2016/01/19 01:05:57 INFO  - jmeter.threads.JMeterThread: Thread is done: スレッドグループ 1-35 
2016/01/19 01:05:57 INFO  - jmeter.threads.JMeterThread: Thread finished: スレッドグループ 1-35 
2016/01/19 01:05:57 INFO  - jmeter.threads.JMeterThread: Thread finished: スレッドグループ 1-34 
2016/01/19 01:05:57 INFO  - jmeter.threads.JMeterThread: Thread is done: スレッドグループ 1-36 
2016/01/19 01:05:57 INFO  - jmeter.threads.JMeterThread: Thread finished: スレッドグループ 1-36 
2016/01/19 01:05:57 INFO  - jmeter.threads.JMeterThread: Thread is done: スレッドグループ 1-37 
2016/01/19 01:05:57 INFO  - jmeter.threads.JMeterThread: Thread finished: スレッドグループ 1-37 
2016/01/19 01:05:57 INFO  - jmeter.threads.JMeterThread: Thread is done: スレッドグループ 1-38 
2016/01/19 01:05:57 INFO  - jmeter.threads.JMeterThread: Thread is done: スレッドグループ 1-39 
2016/01/19 01:05:57 INFO  - jmeter.threads.JMeterThread: Thread finished: スレッドグループ 1-39 
2016/01/19 01:05:57 INFO  - jmeter.threads.JMeterThread: Thread finished: スレッドグループ 1-38 
2016/01/19 01:06:00 INFO  - jmeter.threads.JMeterThread: Thread is done: スレッドグループ 1-40 
2016/01/19 01:06:00 INFO  - jmeter.threads.JMeterThread: Thread finished: スレッドグループ 1-40 
2016/01/19 01:06:00 INFO  - jmeter.threads.JMeterThread: Thread is done: スレッドグループ 1-41 
2016/01/19 01:06:00 INFO  - jmeter.threads.JMeterThread: Thread finished: スレッドグループ 1-41 
2016/01/19 01:06:00 INFO  - jmeter.threads.JMeterThread: Thread is done: スレッドグループ 1-42 
2016/01/19 01:06:00 INFO  - jmeter.threads.JMeterThread: Thread finished: スレッドグループ 1-42 
2016/01/19 01:06:00 INFO  - jmeter.threads.JMeterThread: Thread is done: スレッドグループ 1-43 
2016/01/19 01:06:00 INFO  - jmeter.threads.JMeterThread: Thread finished: スレッドグループ 1-43 
2016/01/19 01:06:00 INFO  - jmeter.threads.JMeterThread: Thread is done: スレッドグループ 1-44 
2016/01/19 01:06:00 INFO  - jmeter.threads.JMeterThread: Thread is done: スレッドグループ 1-46 
2016/01/19 01:06:00 INFO  - jmeter.threads.JMeterThread: Thread finished: スレッドグループ 1-44 
2016/01/19 01:06:00 INFO  - jmeter.threads.JMeterThread: Thread finished: スレッドグループ 1-46 
2016/01/19 01:06:00 INFO  - jmeter.threads.JMeterThread: Thread is done: スレッドグループ 1-50 
2016/01/19 01:06:00 INFO  - jmeter.threads.JMeterThread: Thread finished: スレッドグループ 1-50 
2016/01/19 01:06:00 INFO  - jmeter.threads.JMeterThread: Thread is done: スレッドグループ 1-53 
2016/01/19 01:06:00 INFO  - jmeter.threads.JMeterThread: Thread finished: スレッドグループ 1-53 
2016/01/19 01:06:00 INFO  - jmeter.threads.JMeterThread: Thread is done: スレッドグループ 1-45 
2016/01/19 01:06:00 INFO  - jmeter.threads.JMeterThread: Thread finished: スレッドグループ 1-45 
2016/01/19 01:06:00 INFO  - jmeter.threads.JMeterThread: Thread is done: スレッドグループ 1-52 
2016/01/19 01:06:00 INFO  - jmeter.threads.JMeterThread: Thread finished: スレッドグループ 1-52 
2016/01/19 01:06:00 INFO  - jmeter.threads.JMeterThread: Thread is done: スレッドグループ 1-51 
2016/01/19 01:06:00 INFO  - jmeter.threads.JMeterThread: Thread finished: スレッドグループ 1-51 
2016/01/19 01:06:00 INFO  - jmeter.threads.JMeterThread: Thread is done: スレッドグループ 1-49 
2016/01/19 01:06:00 INFO  - jmeter.threads.JMeterThread: Thread finished: スレッドグループ 1-49 
2016/01/19 01:06:00 INFO  - jmeter.threads.JMeterThread: Thread is done: スレッドグループ 1-48 
2016/01/19 01:06:00 INFO  - jmeter.threads.JMeterThread: Thread finished: スレッドグループ 1-48 
2016/01/19 01:06:00 INFO  - jmeter.threads.JMeterThread: Thread is done: スレッドグループ 1-47 
2016/01/19 01:06:00 INFO  - jmeter.threads.JMeterThread: Thread finished: スレッドグループ 1-47 
2016/01/19 01:06:01 INFO  - jmeter.threads.JMeterThread: Thread is done: スレッドグループ 1-54 
2016/01/19 01:06:01 INFO  - jmeter.threads.JMeterThread: Thread finished: スレッドグループ 1-54 
2016/01/19 01:06:01 INFO  - jmeter.threads.JMeterThread: Thread is done: スレッドグループ 1-55 
2016/01/19 01:06:01 INFO  - jmeter.threads.JMeterThread: Thread finished: スレッドグループ 1-55 
2016/01/19 01:06:01 INFO  - jmeter.threads.JMeterThread: Thread is done: スレッドグループ 1-56 
2016/01/19 01:06:01 INFO  - jmeter.threads.JMeterThread: Thread finished: スレッドグループ 1-56 
2016/01/19 01:06:01 INFO  - jmeter.threads.JMeterThread: Thread is done: スレッドグループ 1-57 
2016/01/19 01:06:01 INFO  - jmeter.threads.JMeterThread: Thread finished: スレッドグループ 1-57 
2016/01/19 01:06:01 INFO  - jmeter.threads.JMeterThread: Thread is done: スレッドグループ 1-58 
2016/01/19 01:06:01 INFO  - jmeter.threads.JMeterThread: Thread finished: スレッドグループ 1-58 
2016/01/19 01:06:01 INFO  - jmeter.threads.JMeterThread: Thread is done: スレッドグループ 1-59 
2016/01/19 01:06:01 INFO  - jmeter.threads.JMeterThread: Thread finished: スレッドグループ 1-59 
2016/01/19 01:06:01 INFO  - jmeter.threads.JMeterThread: Thread is done: スレッドグループ 1-60 
2016/01/19 01:06:01 INFO  - jmeter.threads.JMeterThread: Thread finished: スレッドグループ 1-60 
2016/01/19 01:06:03 INFO  - jmeter.threads.JMeterThread: Thread is done: スレッドグループ 1-61 
2016/01/19 01:06:03 INFO  - jmeter.threads.JMeterThread: Thread finished: スレッドグループ 1-61 
2016/01/19 01:06:03 INFO  - jmeter.threads.JMeterThread: Thread is done: スレッドグループ 1-63 
2016/01/19 01:06:03 INFO  - jmeter.threads.JMeterThread: Thread finished: スレッドグループ 1-63 
2016/01/19 01:06:03 INFO  - jmeter.threads.JMeterThread: Thread is done: スレッドグループ 1-62 
2016/01/19 01:06:03 INFO  - jmeter.threads.JMeterThread: Thread finished: スレッドグループ 1-62 
2016/01/19 01:06:03 INFO  - jmeter.threads.JMeterThread: Thread is done: スレッドグループ 1-64 
2016/01/19 01:06:03 INFO  - jmeter.threads.JMeterThread: Thread is done: スレッドグループ 1-67 
2016/01/19 01:06:03 INFO  - jmeter.threads.JMeterThread: Thread is done: スレッドグループ 1-69 
2016/01/19 01:06:03 INFO  - jmeter.threads.JMeterThread: Thread is done: スレッドグループ 1-66 
2016/01/19 01:06:03 INFO  - jmeter.threads.JMeterThread: Thread is done: スレッドグループ 1-65 
2016/01/19 01:06:03 INFO  - jmeter.threads.JMeterThread: Thread finished: スレッドグループ 1-65 
2016/01/19 01:06:03 INFO  - jmeter.threads.JMeterThread: Thread finished: スレッドグループ 1-69 
2016/01/19 01:06:03 INFO  - jmeter.threads.JMeterThread: Thread is done: スレッドグループ 1-70 
2016/01/19 01:06:03 INFO  - jmeter.threads.JMeterThread: Thread finished: スレッドグループ 1-70 
2016/01/19 01:06:03 INFO  - jmeter.threads.JMeterThread: Thread finished: スレッドグループ 1-67 
2016/01/19 01:06:03 INFO  - jmeter.threads.JMeterThread: Thread finished: スレッドグループ 1-64 
2016/01/19 01:06:03 INFO  - jmeter.threads.JMeterThread: Thread is done: スレッドグループ 1-68 
2016/01/19 01:06:03 INFO  - jmeter.threads.JMeterThread: Thread finished: スレッドグループ 1-68 
2016/01/19 01:06:03 INFO  - jmeter.threads.JMeterThread: Thread finished: スレッドグループ 1-66 
2016/01/19 01:06:03 INFO  - jmeter.threads.JMeterThread: Thread is done: スレッドグループ 1-72 
2016/01/19 01:06:03 INFO  - jmeter.threads.JMeterThread: Thread is done: スレッドグループ 1-71 
2016/01/19 01:06:03 INFO  - jmeter.threads.JMeterThread: Thread finished: スレッドグループ 1-72 
2016/01/19 01:06:03 INFO  - jmeter.threads.JMeterThread: Thread is done: スレッドグループ 1-73 
2016/01/19 01:06:03 INFO  - jmeter.threads.JMeterThread: Thread is done: スレッドグループ 1-74 
2016/01/19 01:06:03 INFO  - jmeter.threads.JMeterThread: Thread finished: スレッドグループ 1-74 
2016/01/19 01:06:03 INFO  - jmeter.threads.JMeterThread: Thread finished: スレッドグループ 1-73 
2016/01/19 01:06:03 INFO  - jmeter.threads.JMeterThread: Thread is done: スレッドグループ 1-76 
2016/01/19 01:06:03 INFO  - jmeter.threads.JMeterThread: Thread finished: スレッドグループ 1-76 
2016/01/19 01:06:03 INFO  - jmeter.threads.JMeterThread: Thread is done: スレッドグループ 1-77 
2016/01/19 01:06:03 INFO  - jmeter.threads.JMeterThread: Thread finished: スレッドグループ 1-77 
2016/01/19 01:06:03 INFO  - jmeter.threads.JMeterThread: Thread is done: スレッドグループ 1-78 
2016/01/19 01:06:03 INFO  - jmeter.threads.JMeterThread: Thread finished: スレッドグループ 1-78 
2016/01/19 01:06:03 INFO  - jmeter.threads.JMeterThread: Thread is done: スレッドグループ 1-79 
2016/01/19 01:06:03 INFO  - jmeter.threads.JMeterThread: Thread is done: スレッドグループ 1-80 
2016/01/19 01:06:03 INFO  - jmeter.threads.JMeterThread: Thread finished: スレッドグループ 1-80 
2016/01/19 01:06:03 INFO  - jmeter.threads.JMeterThread: Thread finished: スレッドグループ 1-71 
2016/01/19 01:06:03 INFO  - jmeter.threads.JMeterThread: Thread finished: スレッドグループ 1-79 
2016/01/19 01:06:03 INFO  - jmeter.threads.JMeterThread: Thread is done: スレッドグループ 1-75 
2016/01/19 01:06:03 INFO  - jmeter.threads.JMeterThread: Thread finished: スレッドグループ 1-75 
2016/01/19 01:06:03 INFO  - jmeter.threads.JMeterThread: Thread is done: スレッドグループ 1-81 
2016/01/19 01:06:03 INFO  - jmeter.threads.JMeterThread: Thread finished: スレッドグループ 1-81 
2016/01/19 01:06:06 INFO  - jmeter.threads.JMeterThread: Thread is done: スレッドグループ 1-82 
2016/01/19 01:06:06 INFO  - jmeter.threads.JMeterThread: Thread finished: スレッドグループ 1-82 
2016/01/19 01:06:06 INFO  - jmeter.threads.JMeterThread: Thread is done: スレッドグループ 1-83 
2016/01/19 01:06:06 INFO  - jmeter.threads.JMeterThread: Thread finished: スレッドグループ 1-83 
2016/01/19 01:06:06 INFO  - jmeter.threads.JMeterThread: Thread is done: スレッドグループ 1-84 
2016/01/19 01:06:06 INFO  - jmeter.threads.JMeterThread: Thread finished: スレッドグループ 1-84 
2016/01/19 01:06:06 INFO  - jmeter.threads.JMeterThread: Thread is done: スレッドグループ 1-85 
2016/01/19 01:06:06 INFO  - jmeter.threads.JMeterThread: Thread is done: スレッドグループ 1-86 
2016/01/19 01:06:06 INFO  - jmeter.threads.JMeterThread: Thread finished: スレッドグループ 1-86 
2016/01/19 01:06:06 INFO  - jmeter.threads.JMeterThread: Thread is done: スレッドグループ 1-87 
2016/01/19 01:06:06 INFO  - jmeter.threads.JMeterThread: Thread finished: スレッドグループ 1-87 
2016/01/19 01:06:06 INFO  - jmeter.threads.JMeterThread: Thread finished: スレッドグループ 1-85 
2016/01/19 01:06:06 INFO  - jmeter.threads.JMeterThread: Thread is done: スレッドグループ 1-88 
2016/01/19 01:06:06 INFO  - jmeter.threads.JMeterThread: Thread is done: スレッドグループ 1-89 
2016/01/19 01:06:06 INFO  - jmeter.threads.JMeterThread: Thread is done: スレッドグループ 1-90 
2016/01/19 01:06:06 INFO  - jmeter.threads.JMeterThread: Thread finished: スレッドグループ 1-88 
2016/01/19 01:06:06 INFO  - jmeter.threads.JMeterThread: Thread finished: スレッドグループ 1-90 
2016/01/19 01:06:06 INFO  - jmeter.threads.JMeterThread: Thread finished: スレッドグループ 1-89 
2016/01/19 01:06:06 INFO  - jmeter.threads.JMeterThread: Thread is done: スレッドグループ 1-91 
2016/01/19 01:06:06 INFO  - jmeter.threads.JMeterThread: Thread finished: スレッドグループ 1-91 
2016/01/19 01:06:06 INFO  - jmeter.threads.JMeterThread: Thread is done: スレッドグループ 1-92 
2016/01/19 01:06:06 INFO  - jmeter.threads.JMeterThread: Thread finished: スレッドグループ 1-92 
2016/01/19 01:06:06 INFO  - jmeter.threads.JMeterThread: Thread is done: スレッドグループ 1-93 
2016/01/19 01:06:06 INFO  - jmeter.threads.JMeterThread: Thread finished: スレッドグループ 1-93 
2016/01/19 01:06:06 INFO  - jmeter.threads.JMeterThread: Thread is done: スレッドグループ 1-94 
2016/01/19 01:06:06 INFO  - jmeter.threads.JMeterThread: Thread finished: スレッドグループ 1-94 
2016/01/19 01:06:06 INFO  - jmeter.threads.JMeterThread: Thread is done: スレッドグループ 1-95 
2016/01/19 01:06:06 INFO  - jmeter.threads.JMeterThread: Thread finished: スレッドグループ 1-95 
2016/01/19 01:06:06 INFO  - jmeter.threads.JMeterThread: Thread is done: スレッドグループ 1-96 
2016/01/19 01:06:06 INFO  - jmeter.threads.JMeterThread: Thread finished: スレッドグループ 1-96 
2016/01/19 01:06:06 INFO  - jmeter.threads.JMeterThread: Thread is done: スレッドグループ 1-98 
2016/01/19 01:06:06 INFO  - jmeter.threads.JMeterThread: Thread is done: スレッドグループ 1-97 
2016/01/19 01:06:06 INFO  - jmeter.threads.JMeterThread: Thread finished: スレッドグループ 1-98 
2016/01/19 01:06:06 INFO  - jmeter.threads.JMeterThread: Thread finished: スレッドグループ 1-97 
2016/01/19 01:06:06 INFO  - jmeter.threads.JMeterThread: Thread is done: スレッドグループ 1-99 
2016/01/19 01:06:06 INFO  - jmeter.threads.JMeterThread: Thread finished: スレッドグループ 1-99 
2016/01/19 01:06:06 INFO  - jmeter.threads.JMeterThread: Thread is done: スレッドグループ 1-100 
2016/01/19 01:06:06 INFO  - jmeter.threads.JMeterThread: Thread finished: スレッドグループ 1-100 
2016/01/19 01:06:06 INFO  - jmeter.engine.StandardJMeterEngine: Notifying test listeners of end of test 
2016/01/19 01:06:06 INFO  - jmeter.gui.util.JMeterMenuBar: setRunning(false,*local*) 
2016/01/19 01:06:19 INFO  - jmeter.engine.StandardJMeterEngine: Running the test! 
2016/01/19 01:06:19 INFO  - jmeter.samplers.SampleEvent: List of sample_variables: [] 
2016/01/19 01:06:19 INFO  - jmeter.gui.util.JMeterMenuBar: setRunning(true,*local*) 
2016/01/19 01:06:19 INFO  - jmeter.engine.StandardJMeterEngine: Starting ThreadGroup: 1 : スレッドグループ 
2016/01/19 01:06:19 INFO  - jmeter.engine.StandardJMeterEngine: Starting 100 threads for group スレッドグループ. 
2016/01/19 01:06:19 INFO  - jmeter.engine.StandardJMeterEngine: Thread will continue on error 
2016/01/19 01:06:19 INFO  - jmeter.threads.ThreadGroup: Starting thread group number 1 threads 100 ramp-up 30 perThread 300.0 delayedStart=false 
2016/01/19 01:06:19 INFO  - jmeter.threads.JMeterThread: Thread started: スレッドグループ 1-1 
2016/01/19 01:06:19 INFO  - jmeter.threads.ThreadGroup: Started thread group number 1 
2016/01/19 01:06:19 INFO  - jmeter.engine.StandardJMeterEngine: All thread groups have been started 
2016/01/19 01:06:19 INFO  - jmeter.threads.JMeterThread: Thread started: スレッドグループ 1-2 
2016/01/19 01:06:20 INFO  - jmeter.threads.JMeterThread: Thread started: スレッドグループ 1-3 
2016/01/19 01:06:20 INFO  - jmeter.threads.JMeterThread: Thread started: スレッドグループ 1-4 
2016/01/19 01:06:20 INFO  - jmeter.threads.JMeterThread: Thread started: スレッドグループ 1-5 
2016/01/19 01:06:21 INFO  - jmeter.threads.JMeterThread: Thread started: スレッドグループ 1-6 
2016/01/19 01:06:21 INFO  - jmeter.threads.JMeterThread: Thread started: スレッドグループ 1-7 
2016/01/19 01:06:21 INFO  - jmeter.threads.JMeterThread: Thread started: スレッドグループ 1-8 
2016/01/19 01:06:22 INFO  - jmeter.threads.JMeterThread: Thread started: スレッドグループ 1-9 
2016/01/19 01:06:22 INFO  - jmeter.threads.JMeterThread: Thread started: スレッドグループ 1-10 
2016/01/19 01:06:22 INFO  - jmeter.threads.JMeterThread: Thread started: スレッドグループ 1-11 
2016/01/19 01:06:22 INFO  - jmeter.threads.JMeterThread: Thread started: スレッドグループ 1-12 
2016/01/19 01:06:23 INFO  - jmeter.threads.JMeterThread: Thread started: スレッドグループ 1-13 
2016/01/19 01:06:23 INFO  - jmeter.threads.JMeterThread: Thread started: スレッドグループ 1-14 
2016/01/19 01:06:23 INFO  - jmeter.threads.JMeterThread: Thread started: スレッドグループ 1-15 
2016/01/19 01:06:24 INFO  - jmeter.threads.JMeterThread: Thread started: スレッドグループ 1-16 
2016/01/19 01:06:24 INFO  - jmeter.threads.JMeterThread: Thread started: スレッドグループ 1-17 
2016/01/19 01:06:24 INFO  - jmeter.threads.JMeterThread: Thread started: スレッドグループ 1-18 
2016/01/19 01:06:25 INFO  - jmeter.threads.JMeterThread: Thread started: スレッドグループ 1-19 
2016/01/19 01:06:25 INFO  - jmeter.threads.JMeterThread: Thread started: スレッドグループ 1-20 
2016/01/19 01:06:25 INFO  - jmeter.threads.JMeterThread: Thread started: スレッドグループ 1-21 
2016/01/19 01:06:25 INFO  - jmeter.threads.JMeterThread: Thread started: スレッドグループ 1-22 
2016/01/19 01:06:26 INFO  - jmeter.threads.JMeterThread: Thread started: スレッドグループ 1-23 
2016/01/19 01:06:26 INFO  - jmeter.threads.JMeterThread: Thread started: スレッドグループ 1-24 
2016/01/19 01:06:26 INFO  - jmeter.threads.JMeterThread: Thread started: スレッドグループ 1-25 
2016/01/19 01:06:27 INFO  - jmeter.threads.JMeterThread: Thread started: スレッドグループ 1-26 
2016/01/19 01:06:27 INFO  - jmeter.threads.JMeterThread: Thread started: スレッドグループ 1-27 
2016/01/19 01:06:27 INFO  - jmeter.threads.JMeterThread: Thread started: スレッドグループ 1-28 
2016/01/19 01:06:28 INFO  - jmeter.threads.JMeterThread: Thread started: スレッドグループ 1-29 
2016/01/19 01:06:28 INFO  - jmeter.threads.JMeterThread: Thread started: スレッドグループ 1-30 
2016/01/19 01:06:28 INFO  - jmeter.threads.JMeterThread: Thread is done: スレッドグループ 1-1 
2016/01/19 01:06:28 INFO  - jmeter.threads.JMeterThread: Thread finished: スレッドグループ 1-1 
2016/01/19 01:06:28 INFO  - jmeter.threads.JMeterThread: Thread started: スレッドグループ 1-31 
2016/01/19 01:06:28 INFO  - jmeter.threads.JMeterThread: Thread started: スレッドグループ 1-32 
2016/01/19 01:06:29 INFO  - jmeter.threads.JMeterThread: Thread started: スレッドグループ 1-33 
2016/01/19 01:06:29 INFO  - jmeter.threads.JMeterThread: Thread started: スレッドグループ 1-34 
2016/01/19 01:06:29 INFO  - jmeter.threads.JMeterThread: Thread started: スレッドグループ 1-35 
2016/01/19 01:06:30 INFO  - jmeter.threads.JMeterThread: Thread started: スレッドグループ 1-36 
2016/01/19 01:06:30 INFO  - jmeter.threads.JMeterThread: Thread started: スレッドグループ 1-37 
2016/01/19 01:06:30 INFO  - jmeter.threads.JMeterThread: Thread started: スレッドグループ 1-38 
2016/01/19 01:06:31 INFO  - jmeter.threads.JMeterThread: Thread started: スレッドグループ 1-39 
2016/01/19 01:06:31 INFO  - jmeter.threads.JMeterThread: Thread started: スレッドグループ 1-40 
2016/01/19 01:06:31 INFO  - jmeter.threads.JMeterThread: Thread started: スレッドグループ 1-41 
2016/01/19 01:06:31 INFO  - jmeter.threads.JMeterThread: Thread started: スレッドグループ 1-42 
2016/01/19 01:06:32 INFO  - jmeter.threads.JMeterThread: Thread started: スレッドグループ 1-43 
2016/01/19 01:06:32 INFO  - jmeter.threads.JMeterThread: Thread started: スレッドグループ 1-44 
2016/01/19 01:06:32 INFO  - jmeter.threads.JMeterThread: Thread started: スレッドグループ 1-45 
2016/01/19 01:06:33 INFO  - jmeter.threads.JMeterThread: Thread started: スレッドグループ 1-46 
2016/01/19 01:06:33 INFO  - jmeter.threads.JMeterThread: Thread started: スレッドグループ 1-47 
2016/01/19 01:06:33 INFO  - jmeter.threads.JMeterThread: Thread started: スレッドグループ 1-48 
2016/01/19 01:06:34 INFO  - jmeter.threads.JMeterThread: Thread started: スレッドグループ 1-49 
2016/01/19 01:06:34 INFO  - jmeter.threads.JMeterThread: Thread started: スレッドグループ 1-50 
2016/01/19 01:06:34 INFO  - jmeter.threads.JMeterThread: Thread started: スレッドグループ 1-51 
2016/01/19 01:06:34 INFO  - jmeter.threads.JMeterThread: Thread started: スレッドグループ 1-52 
2016/01/19 01:06:35 INFO  - jmeter.threads.JMeterThread: Thread started: スレッドグループ 1-53 
2016/01/19 01:06:35 INFO  - jmeter.threads.JMeterThread: Thread started: スレッドグループ 1-54 
2016/01/19 01:06:35 INFO  - jmeter.threads.JMeterThread: Thread started: スレッドグループ 1-55 
2016/01/19 01:06:36 INFO  - jmeter.threads.JMeterThread: Thread started: スレッドグループ 1-56 
2016/01/19 01:06:36 INFO  - jmeter.threads.JMeterThread: Thread started: スレッドグループ 1-57 
2016/01/19 01:06:36 INFO  - jmeter.threads.JMeterThread: Thread started: スレッドグループ 1-58 
2016/01/19 01:06:37 INFO  - jmeter.threads.JMeterThread: Thread started: スレッドグループ 1-59 
2016/01/19 01:06:37 INFO  - jmeter.threads.JMeterThread: Thread is done: スレッドグループ 1-2 
2016/01/19 01:06:37 INFO  - jmeter.threads.JMeterThread: Thread finished: スレッドグループ 1-2 
2016/01/19 01:06:37 INFO  - jmeter.threads.JMeterThread: Thread started: スレッドグループ 1-60 
2016/01/19 01:06:37 INFO  - jmeter.threads.JMeterThread: Thread started: スレッドグループ 1-61 
2016/01/19 01:06:37 INFO  - jmeter.threads.JMeterThread: Thread started: スレッドグループ 1-62 
2016/01/19 01:06:38 INFO  - jmeter.threads.JMeterThread: Thread started: スレッドグループ 1-63 
2016/01/19 01:06:38 INFO  - jmeter.threads.JMeterThread: Thread started: スレッドグループ 1-64 
2016/01/19 01:06:38 INFO  - jmeter.threads.JMeterThread: Thread started: スレッドグループ 1-65 
2016/01/19 01:06:39 INFO  - jmeter.threads.JMeterThread: Thread started: スレッドグループ 1-66 
2016/01/19 01:06:39 INFO  - jmeter.threads.JMeterThread: Thread started: スレッドグループ 1-67 
2016/01/19 01:06:39 INFO  - jmeter.threads.JMeterThread: Thread started: スレッドグループ 1-68 
2016/01/19 01:06:40 INFO  - jmeter.threads.JMeterThread: Thread started: スレッドグループ 1-69 
2016/01/19 01:06:40 INFO  - jmeter.threads.JMeterThread: Thread started: スレッドグループ 1-70 
2016/01/19 01:06:40 INFO  - jmeter.threads.JMeterThread: Thread started: スレッドグループ 1-71 
2016/01/19 01:06:40 INFO  - jmeter.threads.JMeterThread: Thread started: スレッドグループ 1-72 
2016/01/19 01:06:41 INFO  - jmeter.threads.JMeterThread: Thread started: スレッドグループ 1-73 
2016/01/19 01:06:41 INFO  - jmeter.threads.JMeterThread: Thread started: スレッドグループ 1-74 
2016/01/19 01:06:41 INFO  - jmeter.threads.JMeterThread: Thread started: スレッドグループ 1-75 
2016/01/19 01:06:42 INFO  - jmeter.threads.JMeterThread: Thread started: スレッドグループ 1-76 
2016/01/19 01:06:42 INFO  - jmeter.threads.JMeterThread: Thread started: スレッドグループ 1-77 
2016/01/19 01:06:42 INFO  - jmeter.threads.JMeterThread: Thread started: スレッドグループ 1-78 
2016/01/19 01:06:43 INFO  - jmeter.threads.JMeterThread: Thread started: スレッドグループ 1-79 
2016/01/19 01:06:43 INFO  - jmeter.threads.JMeterThread: Thread started: スレッドグループ 1-80 
2016/01/19 01:06:43 INFO  - jmeter.threads.JMeterThread: Thread started: スレッドグループ 1-81 
2016/01/19 01:06:43 INFO  - jmeter.threads.JMeterThread: Thread is done: スレッドグループ 1-3 
2016/01/19 01:06:43 INFO  - jmeter.threads.JMeterThread: Thread finished: スレッドグループ 1-3 
2016/01/19 01:06:43 INFO  - jmeter.threads.JMeterThread: Thread started: スレッドグループ 1-82 
2016/01/19 01:06:44 INFO  - jmeter.threads.JMeterThread: Thread started: スレッドグループ 1-83 
2016/01/19 01:06:44 INFO  - jmeter.threads.JMeterThread: Thread started: スレッドグループ 1-84 
2016/01/19 01:06:44 INFO  - jmeter.threads.JMeterThread: Thread started: スレッドグループ 1-85 
2016/01/19 01:06:45 INFO  - jmeter.threads.JMeterThread: Thread started: スレッドグループ 1-86 
2016/01/19 01:06:45 INFO  - jmeter.threads.JMeterThread: Thread started: スレッドグループ 1-87 
2016/01/19 01:06:45 INFO  - jmeter.threads.JMeterThread: Thread started: スレッドグループ 1-88 
2016/01/19 01:06:46 INFO  - jmeter.threads.JMeterThread: Thread started: スレッドグループ 1-89 
2016/01/19 01:06:46 INFO  - jmeter.threads.JMeterThread: Thread started: スレッドグループ 1-90 
2016/01/19 01:06:46 INFO  - jmeter.threads.JMeterThread: Thread started: スレッドグループ 1-91 
2016/01/19 01:06:46 INFO  - jmeter.threads.JMeterThread: Thread started: スレッドグループ 1-92 
2016/01/19 01:06:47 INFO  - jmeter.threads.JMeterThread: Thread started: スレッドグループ 1-93 
2016/01/19 01:06:47 INFO  - jmeter.threads.JMeterThread: Thread started: スレッドグループ 1-94 
2016/01/19 01:06:47 INFO  - jmeter.threads.JMeterThread: Thread is done: スレッドグループ 1-4 
2016/01/19 01:06:47 INFO  - jmeter.threads.JMeterThread: Thread finished: スレッドグループ 1-4 
2016/01/19 01:06:47 INFO  - jmeter.threads.JMeterThread: Thread started: スレッドグループ 1-95 
2016/01/19 01:06:48 INFO  - jmeter.threads.JMeterThread: Thread started: スレッドグループ 1-96 
2016/01/19 01:06:48 INFO  - jmeter.threads.JMeterThread: Thread started: スレッドグループ 1-97 
2016/01/19 01:06:48 INFO  - jmeter.threads.JMeterThread: Thread started: スレッドグループ 1-98 
2016/01/19 01:06:49 INFO  - jmeter.threads.JMeterThread: Thread started: スレッドグループ 1-99 
2016/01/19 01:06:49 INFO  - jmeter.threads.JMeterThread: Thread started: スレッドグループ 1-100 
2016/01/19 01:06:52 INFO  - jmeter.threads.JMeterThread: Thread is done: スレッドグループ 1-5 
2016/01/19 01:06:52 INFO  - jmeter.threads.JMeterThread: Thread finished: スレッドグループ 1-5 
2016/01/19 01:06:56 INFO  - jmeter.threads.JMeterThread: Thread is done: スレッドグループ 1-6 
2016/01/19 01:06:56 INFO  - jmeter.threads.JMeterThread: Thread finished: スレッドグループ 1-6 
2016/01/19 01:07:02 INFO  - jmeter.threads.JMeterThread: Thread is done: スレッドグループ 1-7 
2016/01/19 01:07:02 INFO  - jmeter.threads.JMeterThread: Thread finished: スレッドグループ 1-7 
2016/01/19 01:07:05 INFO  - jmeter.threads.JMeterThread: Thread is done: スレッドグループ 1-8 
2016/01/19 01:07:05 INFO  - jmeter.threads.JMeterThread: Thread finished: スレッドグループ 1-8 
2016/01/19 01:07:09 INFO  - jmeter.threads.JMeterThread: Thread is done: スレッドグループ 1-9 
2016/01/19 01:07:09 INFO  - jmeter.threads.JMeterThread: Thread finished: スレッドグループ 1-9 
2016/01/19 01:07:09 INFO  - jmeter.threads.JMeterThread: Thread is done: スレッドグループ 1-10 
2016/01/19 01:07:09 INFO  - jmeter.threads.JMeterThread: Thread finished: スレッドグループ 1-10 
2016/01/19 01:07:13 INFO  - jmeter.threads.JMeterThread: Thread is done: スレッドグループ 1-11 
2016/01/19 01:07:13 INFO  - jmeter.threads.JMeterThread: Thread finished: スレッドグループ 1-11 
2016/01/19 01:07:18 INFO  - jmeter.threads.JMeterThread: Thread is done: スレッドグループ 1-12 
2016/01/19 01:07:18 INFO  - jmeter.threads.JMeterThread: Thread finished: スレッドグループ 1-12 
2016/01/19 01:07:18 INFO  - jmeter.threads.JMeterThread: Thread is done: スレッドグループ 1-13 
2016/01/19 01:07:18 INFO  - jmeter.threads.JMeterThread: Thread finished: スレッドグループ 1-13 
2016/01/19 01:07:18 INFO  - jmeter.threads.JMeterThread: Thread is done: スレッドグループ 1-14 
2016/01/19 01:07:18 INFO  - jmeter.threads.JMeterThread: Thread finished: スレッドグループ 1-14 
2016/01/19 01:07:23 INFO  - jmeter.threads.JMeterThread: Thread is done: スレッドグループ 1-15 
2016/01/19 01:07:23 INFO  - jmeter.threads.JMeterThread: Thread finished: スレッドグループ 1-15 
2016/01/19 01:07:23 INFO  - jmeter.threads.JMeterThread: Thread is done: スレッドグループ 1-16 
2016/01/19 01:07:23 INFO  - jmeter.threads.JMeterThread: Thread is done: スレッドグループ 1-17 
2016/01/19 01:07:23 INFO  - jmeter.threads.JMeterThread: Thread finished: スレッドグループ 1-16 
2016/01/19 01:07:23 INFO  - jmeter.threads.JMeterThread: Thread finished: スレッドグループ 1-17 
2016/01/19 01:07:26 INFO  - jmeter.threads.JMeterThread: Thread is done: スレッドグループ 1-18 
2016/01/19 01:07:26 INFO  - jmeter.threads.JMeterThread: Thread finished: スレッドグループ 1-18 
2016/01/19 01:07:26 INFO  - jmeter.threads.JMeterThread: Thread is done: スレッドグループ 1-19 
2016/01/19 01:07:26 INFO  - jmeter.threads.JMeterThread: Thread finished: スレッドグループ 1-19 
2016/01/19 01:07:26 INFO  - jmeter.threads.JMeterThread: Thread is done: スレッドグループ 1-20 
2016/01/19 01:07:26 INFO  - jmeter.threads.JMeterThread: Thread finished: スレッドグループ 1-20 
2016/01/19 01:07:26 INFO  - jmeter.threads.JMeterThread: Thread is done: スレッドグループ 1-21 
2016/01/19 01:07:26 INFO  - jmeter.threads.JMeterThread: Thread finished: スレッドグループ 1-21 
2016/01/19 01:07:27 INFO  - jmeter.threads.JMeterThread: Thread is done: スレッドグループ 1-22 
2016/01/19 01:07:27 INFO  - jmeter.threads.JMeterThread: Thread is done: スレッドグループ 1-24 
2016/01/19 01:07:27 INFO  - jmeter.threads.JMeterThread: Thread finished: スレッドグループ 1-22 
2016/01/19 01:07:27 INFO  - jmeter.threads.JMeterThread: Thread finished: スレッドグループ 1-24 
2016/01/19 01:07:27 INFO  - jmeter.threads.JMeterThread: Thread is done: スレッドグループ 1-23 
2016/01/19 01:07:27 INFO  - jmeter.threads.JMeterThread: Thread finished: スレッドグループ 1-23 
2016/01/19 01:07:33 INFO  - jmeter.threads.JMeterThread: Thread is done: スレッドグループ 1-25 
2016/01/19 01:07:33 INFO  - jmeter.threads.JMeterThread: Thread is done: スレッドグループ 1-26 
2016/01/19 01:07:33 INFO  - jmeter.threads.JMeterThread: Thread finished: スレッドグループ 1-26 
2016/01/19 01:07:33 INFO  - jmeter.threads.JMeterThread: Thread is done: スレッドグループ 1-28 
2016/01/19 01:07:33 INFO  - jmeter.threads.JMeterThread: Thread finished: スレッドグループ 1-28 
2016/01/19 01:07:33 INFO  - jmeter.threads.JMeterThread: Thread finished: スレッドグループ 1-25 
2016/01/19 01:07:33 INFO  - jmeter.threads.JMeterThread: Thread is done: スレッドグループ 1-30 
2016/01/19 01:07:33 INFO  - jmeter.threads.JMeterThread: Thread finished: スレッドグループ 1-30 
2016/01/19 01:07:33 INFO  - jmeter.threads.JMeterThread: Thread is done: スレッドグループ 1-29 
2016/01/19 01:07:33 INFO  - jmeter.threads.JMeterThread: Thread finished: スレッドグループ 1-29 
2016/01/19 01:07:33 INFO  - jmeter.threads.JMeterThread: Thread is done: スレッドグループ 1-27 
2016/01/19 01:07:33 INFO  - jmeter.threads.JMeterThread: Thread finished: スレッドグループ 1-27 
2016/01/19 01:07:35 INFO  - jmeter.threads.JMeterThread: Thread is done: スレッドグループ 1-31 
2016/01/19 01:07:35 INFO  - jmeter.threads.JMeterThread: Thread finished: スレッドグループ 1-31 
2016/01/19 01:07:35 INFO  - jmeter.threads.JMeterThread: Thread is done: スレッドグループ 1-34 
2016/01/19 01:07:35 INFO  - jmeter.threads.JMeterThread: Thread finished: スレッドグループ 1-34 
2016/01/19 01:07:35 INFO  - jmeter.threads.JMeterThread: Thread is done: スレッドグループ 1-33 
2016/01/19 01:07:35 INFO  - jmeter.threads.JMeterThread: Thread finished: スレッドグループ 1-33 
2016/01/19 01:07:35 INFO  - jmeter.threads.JMeterThread: Thread is done: スレッドグループ 1-32 
2016/01/19 01:07:35 INFO  - jmeter.threads.JMeterThread: Thread finished: スレッドグループ 1-32 
2016/01/19 01:07:36 INFO  - jmeter.threads.JMeterThread: Thread is done: スレッドグループ 1-35 
2016/01/19 01:07:36 INFO  - jmeter.threads.JMeterThread: Thread finished: スレッドグループ 1-35 
2016/01/19 01:07:36 INFO  - jmeter.threads.JMeterThread: Thread is done: スレッドグループ 1-36 
2016/01/19 01:07:36 INFO  - jmeter.threads.JMeterThread: Thread is done: スレッドグループ 1-37 
2016/01/19 01:07:36 INFO  - jmeter.threads.JMeterThread: Thread finished: スレッドグループ 1-37 
2016/01/19 01:07:36 INFO  - jmeter.threads.JMeterThread: Thread finished: スレッドグループ 1-36 
2016/01/19 01:07:36 INFO  - jmeter.threads.JMeterThread: Thread is done: スレッドグループ 1-38 
2016/01/19 01:07:36 INFO  - jmeter.threads.JMeterThread: Thread finished: スレッドグループ 1-38 
2016/01/19 01:07:36 INFO  - jmeter.threads.JMeterThread: Thread is done: スレッドグループ 1-39 
2016/01/19 01:07:36 INFO  - jmeter.threads.JMeterThread: Thread finished: スレッドグループ 1-39 
2016/01/19 01:07:36 INFO  - jmeter.threads.JMeterThread: Thread is done: スレッドグループ 1-40 
2016/01/19 01:07:36 INFO  - jmeter.threads.JMeterThread: Thread finished: スレッドグループ 1-40 
2016/01/19 01:07:36 INFO  - jmeter.threads.JMeterThread: Thread is done: スレッドグループ 1-41 
2016/01/19 01:07:36 INFO  - jmeter.threads.JMeterThread: Thread finished: スレッドグループ 1-41 
2016/01/19 01:07:36 INFO  - jmeter.threads.JMeterThread: Thread is done: スレッドグループ 1-42 
2016/01/19 01:07:36 INFO  - jmeter.threads.JMeterThread: Thread finished: スレッドグループ 1-42 
2016/01/19 01:07:39 INFO  - jmeter.threads.JMeterThread: Thread is done: スレッドグループ 1-43 
2016/01/19 01:07:39 INFO  - jmeter.threads.JMeterThread: Thread finished: スレッドグループ 1-43 
2016/01/19 01:07:39 INFO  - jmeter.threads.JMeterThread: Thread is done: スレッドグループ 1-44 
2016/01/19 01:07:39 INFO  - jmeter.threads.JMeterThread: Thread finished: スレッドグループ 1-44 
2016/01/19 01:07:39 INFO  - jmeter.threads.JMeterThread: Thread is done: スレッドグループ 1-45 
2016/01/19 01:07:39 INFO  - jmeter.threads.JMeterThread: Thread is done: スレッドグループ 1-46 
2016/01/19 01:07:39 INFO  - jmeter.threads.JMeterThread: Thread finished: スレッドグループ 1-45 
2016/01/19 01:07:39 INFO  - jmeter.threads.JMeterThread: Thread is done: スレッドグループ 1-47 
2016/01/19 01:07:39 INFO  - jmeter.threads.JMeterThread: Thread finished: スレッドグループ 1-47 
2016/01/19 01:07:39 INFO  - jmeter.threads.JMeterThread: Thread is done: スレッドグループ 1-48 
2016/01/19 01:07:39 INFO  - jmeter.threads.JMeterThread: Thread finished: スレッドグループ 1-48 
2016/01/19 01:07:39 INFO  - jmeter.threads.JMeterThread: Thread finished: スレッドグループ 1-46 
2016/01/19 01:07:40 INFO  - jmeter.threads.JMeterThread: Thread is done: スレッドグループ 1-49 
2016/01/19 01:07:40 INFO  - jmeter.threads.JMeterThread: Thread finished: スレッドグループ 1-49 
2016/01/19 01:07:40 INFO  - jmeter.threads.JMeterThread: Thread is done: スレッドグループ 1-50 
2016/01/19 01:07:40 INFO  - jmeter.threads.JMeterThread: Thread finished: スレッドグループ 1-50 
2016/01/19 01:07:40 INFO  - jmeter.threads.JMeterThread: Thread is done: スレッドグループ 1-51 
2016/01/19 01:07:40 INFO  - jmeter.threads.JMeterThread: Thread is done: スレッドグループ 1-52 
2016/01/19 01:07:40 INFO  - jmeter.threads.JMeterThread: Thread finished: スレッドグループ 1-51 
2016/01/19 01:07:40 INFO  - jmeter.threads.JMeterThread: Thread finished: スレッドグループ 1-52 
2016/01/19 01:07:40 INFO  - jmeter.threads.JMeterThread: Thread is done: スレッドグループ 1-53 
2016/01/19 01:07:40 INFO  - jmeter.threads.JMeterThread: Thread finished: スレッドグループ 1-53 
2016/01/19 01:07:40 INFO  - jmeter.threads.JMeterThread: Thread is done: スレッドグループ 1-54 
2016/01/19 01:07:40 INFO  - jmeter.threads.JMeterThread: Thread finished: スレッドグループ 1-54 
2016/01/19 01:07:40 INFO  - jmeter.threads.JMeterThread: Thread is done: スレッドグループ 1-55 
2016/01/19 01:07:40 INFO  - jmeter.threads.JMeterThread: Thread is done: スレッドグループ 1-56 
2016/01/19 01:07:40 INFO  - jmeter.threads.JMeterThread: Thread finished: スレッドグループ 1-55 
2016/01/19 01:07:40 INFO  - jmeter.threads.JMeterThread: Thread is done: スレッドグループ 1-57 
2016/01/19 01:07:40 INFO  - jmeter.threads.JMeterThread: Thread finished: スレッドグループ 1-57 
2016/01/19 01:07:40 INFO  - jmeter.threads.JMeterThread: Thread finished: スレッドグループ 1-56 
2016/01/19 01:07:40 INFO  - jmeter.threads.JMeterThread: Thread is done: スレッドグループ 1-58 
2016/01/19 01:07:40 INFO  - jmeter.threads.JMeterThread: Thread finished: スレッドグループ 1-58 
2016/01/19 01:07:40 INFO  - jmeter.threads.JMeterThread: Thread is done: スレッドグループ 1-59 
2016/01/19 01:07:40 INFO  - jmeter.threads.JMeterThread: Thread finished: スレッドグループ 1-59 
2016/01/19 01:07:40 INFO  - jmeter.threads.JMeterThread: Thread is done: スレッドグループ 1-60 
2016/01/19 01:07:40 INFO  - jmeter.threads.JMeterThread: Thread finished: スレッドグループ 1-60 
2016/01/19 01:07:40 INFO  - jmeter.threads.JMeterThread: Thread is done: スレッドグループ 1-61 
2016/01/19 01:07:40 INFO  - jmeter.threads.JMeterThread: Thread finished: スレッドグループ 1-61 
2016/01/19 01:07:40 INFO  - jmeter.threads.JMeterThread: Thread is done: スレッドグループ 1-68 
2016/01/19 01:07:40 INFO  - jmeter.threads.JMeterThread: Thread finished: スレッドグループ 1-68 
2016/01/19 01:07:40 INFO  - jmeter.threads.JMeterThread: Thread is done: スレッドグループ 1-62 
2016/01/19 01:07:40 INFO  - jmeter.threads.JMeterThread: Thread finished: スレッドグループ 1-62 
2016/01/19 01:07:40 INFO  - jmeter.threads.JMeterThread: Thread is done: スレッドグループ 1-64 
2016/01/19 01:07:40 INFO  - jmeter.threads.JMeterThread: Thread finished: スレッドグループ 1-64 
2016/01/19 01:07:40 INFO  - jmeter.threads.JMeterThread: Thread is done: スレッドグループ 1-63 
2016/01/19 01:07:40 INFO  - jmeter.threads.JMeterThread: Thread finished: スレッドグループ 1-63 
2016/01/19 01:07:40 INFO  - jmeter.threads.JMeterThread: Thread is done: スレッドグループ 1-65 
2016/01/19 01:07:40 INFO  - jmeter.threads.JMeterThread: Thread finished: スレッドグループ 1-65 
2016/01/19 01:07:40 INFO  - jmeter.threads.JMeterThread: Thread is done: スレッドグループ 1-66 
2016/01/19 01:07:40 INFO  - jmeter.threads.JMeterThread: Thread finished: スレッドグループ 1-66 
2016/01/19 01:07:40 INFO  - jmeter.threads.JMeterThread: Thread is done: スレッドグループ 1-67 
2016/01/19 01:07:40 INFO  - jmeter.threads.JMeterThread: Thread finished: スレッドグループ 1-67 
2016/01/19 01:07:43 INFO  - jmeter.threads.JMeterThread: Thread is done: スレッドグループ 1-69 
2016/01/19 01:07:43 INFO  - jmeter.threads.JMeterThread: Thread finished: スレッドグループ 1-69 
2016/01/19 01:07:43 INFO  - jmeter.threads.JMeterThread: Thread is done: スレッドグループ 1-70 
2016/01/19 01:07:43 INFO  - jmeter.threads.JMeterThread: Thread finished: スレッドグループ 1-70 
2016/01/19 01:07:43 INFO  - jmeter.threads.JMeterThread: Thread is done: スレッドグループ 1-71 
2016/01/19 01:07:43 INFO  - jmeter.threads.JMeterThread: Thread finished: スレッドグループ 1-71 
2016/01/19 01:07:43 INFO  - jmeter.threads.JMeterThread: Thread is done: スレッドグループ 1-72 
2016/01/19 01:07:43 INFO  - jmeter.threads.JMeterThread: Thread finished: スレッドグループ 1-72 
2016/01/19 01:07:43 INFO  - jmeter.threads.JMeterThread: Thread is done: スレッドグループ 1-73 
2016/01/19 01:07:43 INFO  - jmeter.threads.JMeterThread: Thread finished: スレッドグループ 1-73 
2016/01/19 01:07:43 INFO  - jmeter.threads.JMeterThread: Thread is done: スレッドグループ 1-74 
2016/01/19 01:07:43 INFO  - jmeter.threads.JMeterThread: Thread finished: スレッドグループ 1-74 
2016/01/19 01:07:43 INFO  - jmeter.threads.JMeterThread: Thread is done: スレッドグループ 1-75 
2016/01/19 01:07:43 INFO  - jmeter.threads.JMeterThread: Thread finished: スレッドグループ 1-75 
2016/01/19 01:07:43 INFO  - jmeter.threads.JMeterThread: Thread is done: スレッドグループ 1-78 
2016/01/19 01:07:43 INFO  - jmeter.threads.JMeterThread: Thread finished: スレッドグループ 1-78 
2016/01/19 01:07:43 INFO  - jmeter.threads.JMeterThread: Thread is done: スレッドグループ 1-76 
2016/01/19 01:07:43 INFO  - jmeter.threads.JMeterThread: Thread finished: スレッドグループ 1-76 
2016/01/19 01:07:43 INFO  - jmeter.threads.JMeterThread: Thread is done: スレッドグループ 1-77 
2016/01/19 01:07:43 INFO  - jmeter.threads.JMeterThread: Thread finished: スレッドグループ 1-77 
2016/01/19 01:07:43 INFO  - jmeter.threads.JMeterThread: Thread is done: スレッドグループ 1-79 
2016/01/19 01:07:43 INFO  - jmeter.threads.JMeterThread: Thread finished: スレッドグループ 1-79 
2016/01/19 01:07:46 INFO  - jmeter.threads.JMeterThread: Thread is done: スレッドグループ 1-80 
2016/01/19 01:07:46 INFO  - jmeter.threads.JMeterThread: Thread finished: スレッドグループ 1-80 
2016/01/19 01:07:46 INFO  - jmeter.threads.JMeterThread: Thread is done: スレッドグループ 1-81 
2016/01/19 01:07:46 INFO  - jmeter.threads.JMeterThread: Thread finished: スレッドグループ 1-81 
2016/01/19 01:07:46 INFO  - jmeter.threads.JMeterThread: Thread is done: スレッドグループ 1-82 
2016/01/19 01:07:46 INFO  - jmeter.threads.JMeterThread: Thread finished: スレッドグループ 1-82 
2016/01/19 01:07:46 INFO  - jmeter.threads.JMeterThread: Thread is done: スレッドグループ 1-83 
2016/01/19 01:07:46 INFO  - jmeter.threads.JMeterThread: Thread is done: スレッドグループ 1-84 
2016/01/19 01:07:46 INFO  - jmeter.threads.JMeterThread: Thread finished: スレッドグループ 1-83 
2016/01/19 01:07:46 INFO  - jmeter.threads.JMeterThread: Thread finished: スレッドグループ 1-84 
2016/01/19 01:07:46 INFO  - jmeter.threads.JMeterThread: Thread is done: スレッドグループ 1-86 
2016/01/19 01:07:46 INFO  - jmeter.threads.JMeterThread: Thread finished: スレッドグループ 1-86 
2016/01/19 01:07:46 INFO  - jmeter.threads.JMeterThread: Thread is done: スレッドグループ 1-85 
2016/01/19 01:07:46 INFO  - jmeter.threads.JMeterThread: Thread is done: スレッドグループ 1-88 
2016/01/19 01:07:46 INFO  - jmeter.threads.JMeterThread: Thread is done: スレッドグループ 1-87 
2016/01/19 01:07:46 INFO  - jmeter.threads.JMeterThread: Thread finished: スレッドグループ 1-85 
2016/01/19 01:07:46 INFO  - jmeter.threads.JMeterThread: Thread finished: スレッドグループ 1-88 
2016/01/19 01:07:46 INFO  - jmeter.threads.JMeterThread: Thread finished: スレッドグループ 1-87 
2016/01/19 01:07:46 INFO  - jmeter.threads.JMeterThread: Thread is done: スレッドグループ 1-89 
2016/01/19 01:07:46 INFO  - jmeter.threads.JMeterThread: Thread is done: スレッドグループ 1-91 
2016/01/19 01:07:46 INFO  - jmeter.threads.JMeterThread: Thread finished: スレッドグループ 1-91 
2016/01/19 01:07:46 INFO  - jmeter.threads.JMeterThread: Thread is done: スレッドグループ 1-90 
2016/01/19 01:07:46 INFO  - jmeter.threads.JMeterThread: Thread finished: スレッドグループ 1-90 
2016/01/19 01:07:46 INFO  - jmeter.threads.JMeterThread: Thread is done: スレッドグループ 1-92 
2016/01/19 01:07:46 INFO  - jmeter.threads.JMeterThread: Thread finished: スレッドグループ 1-92 
2016/01/19 01:07:46 INFO  - jmeter.threads.JMeterThread: Thread finished: スレッドグループ 1-89 
2016/01/19 01:07:46 INFO  - jmeter.threads.JMeterThread: Thread is done: スレッドグループ 1-93 
2016/01/19 01:07:46 INFO  - jmeter.threads.JMeterThread: Thread finished: スレッドグループ 1-93 
2016/01/19 01:07:46 INFO  - jmeter.threads.JMeterThread: Thread is done: スレッドグループ 1-95 
2016/01/19 01:07:46 INFO  - jmeter.threads.JMeterThread: Thread finished: スレッドグループ 1-95 
2016/01/19 01:07:46 INFO  - jmeter.threads.JMeterThread: Thread is done: スレッドグループ 1-94 
2016/01/19 01:07:46 INFO  - jmeter.threads.JMeterThread: Thread finished: スレッドグループ 1-94 
2016/01/19 01:07:46 INFO  - jmeter.threads.JMeterThread: Thread is done: スレッドグループ 1-96 
2016/01/19 01:07:46 INFO  - jmeter.threads.JMeterThread: Thread finished: スレッドグループ 1-96 
2016/01/19 01:07:46 INFO  - jmeter.threads.JMeterThread: Thread is done: スレッドグループ 1-97 
2016/01/19 01:07:46 INFO  - jmeter.threads.JMeterThread: Thread finished: スレッドグループ 1-97 
2016/01/19 01:07:46 INFO  - jmeter.threads.JMeterThread: Thread is done: スレッドグループ 1-98 
2016/01/19 01:07:46 INFO  - jmeter.threads.JMeterThread: Thread finished: スレッドグループ 1-98 
2016/01/19 01:07:46 INFO  - jmeter.threads.JMeterThread: Thread is done: スレッドグループ 1-99 
2016/01/19 01:07:46 INFO  - jmeter.threads.JMeterThread: Thread finished: スレッドグループ 1-99 
2016/01/19 01:07:46 INFO  - jmeter.threads.JMeterThread: Thread is done: スレッドグループ 1-100 
2016/01/19 01:07:46 INFO  - jmeter.threads.JMeterThread: Thread finished: スレッドグループ 1-100 
2016/01/19 01:07:46 INFO  - jmeter.engine.StandardJMeterEngine: Notifying test listeners of end of test 
2016/01/19 01:07:46 INFO  - jmeter.gui.util.JMeterMenuBar: setRunning(false,*local*) 
